2023-02-19 23:50:50.926 [info] Log level: Info
2023-02-19 23:50:50.926 [info] Validating found git in: "git"
2023-02-19 23:50:50.926 [info] Using git "2.34.1" from "git"
2023-02-19 23:50:50.926 [info] > git rev-parse --show-toplevel [3ms]
2023-02-19 23:50:50.926 [info] > git rev-parse --git-dir --git-common-dir [1ms]
2023-02-19 23:50:50.926 [info] Open repository: /home/anton/VSCode/Projects/node-express-course
2023-02-19 23:50:50.926 [info] > git rev-parse --show-toplevel [12ms]
2023-02-19 23:50:50.926 [info] > git config --get commit.template [6ms]
2023-02-19 23:50:50.926 [info] > git rev-parse --show-toplevel [7ms]
2023-02-19 23:50:50.926 [info] > git rev-parse --show-toplevel [1ms]
2023-02-19 23:50:50.926 [info] > git rev-parse --show-toplevel [2ms]
2023-02-19 23:50:50.926 [info] > git rev-parse --show-toplevel [2ms]
2023-02-19 23:50:51.047 [info] > git for-each-ref --format=%(refname)%00%(upstream:short)%00%(objectname)%00%(upstream:track)%00%(upstream:remotename)%00%(upstream:remoteref) refs/heads/main refs/remotes/main [156ms]
2023-02-19 23:50:51.102 [info] > git for-each-ref --sort -committerdate --format %(refname) %(objectname) %(*objectname) [42ms]
2023-02-19 23:50:51.126 [info] > git status -z -uall [71ms]
2023-02-19 23:50:51.143 [info] > git config --get commit.template [0ms]
2023-02-19 23:50:51.153 [info] > git for-each-ref --format=%(refname)%00%(upstream:short)%00%(objectname)%00%(upstream:track)%00%(upstream:remotename)%00%(upstream:remoteref) refs/heads/main refs/remotes/main [3ms]
2023-02-19 23:50:51.167 [info] > git for-each-ref --sort -committerdate --format %(refname) %(objectname) %(*objectname) [1ms]
2023-02-19 23:50:51.262 [info] > git status -z -uall [102ms]
2023-02-19 23:50:51.384 [info] > git check-ignore -v -z --stdin [2ms]
2023-02-19 23:50:56.643 [info] > git check-ignore -v -z --stdin [2ms]
2023-02-19 23:50:59.140 [info] > git ls-files --stage -- /home/anton/VSCode/Projects/node-express-course/04-store-api/final/db/connect.js [376ms]
2023-02-19 23:50:59.217 [info] > git cat-file -s 3a3beeb7f591ca48b3f09bce5d4490eb6ef8f273 [67ms]
2023-02-19 23:50:59.218 [info] > git show --textconv :04-store-api/final/db/connect.js [463ms]
2023-02-19 23:50:59.930 [info] > git check-ignore -v -z --stdin [2ms]
2023-02-19 23:51:02.597 [info] > git check-ignore -v -z --stdin [15ms]
2023-02-19 23:51:04.208 [info] > git check-ignore -v -z --stdin [2ms]
2023-02-19 23:51:05.043 [info] > git show --textconv :04-store-api/final/models/product.js [13ms]
2023-02-19 23:51:05.044 [info] > git ls-files --stage -- /home/anton/VSCode/Projects/node-express-course/04-store-api/final/models/product.js [2ms]
2023-02-19 23:51:05.056 [info] > git cat-file -s bf998787c3f8e029399b2a923cb32271befd1640 [2ms]
2023-02-19 23:51:07.287 [info] > git show --textconv :04-store-api/final/app.js [13ms]
2023-02-19 23:51:07.288 [info] > git ls-files --stage -- /home/anton/VSCode/Projects/node-express-course/04-store-api/final/app.js [2ms]
2023-02-19 23:51:07.303 [info] > git cat-file -s 87f63b8d4cf6e0ec7c6dd76bbcd2faa1bfaa9076 [1ms]
2023-02-19 23:51:37.984 [info] > git config --get commit.template [13ms]
2023-02-19 23:51:37.985 [info] > git for-each-ref --format=%(refname)%00%(upstream:short)%00%(objectname)%00%(upstream:track)%00%(upstream:remotename)%00%(upstream:remoteref) refs/heads/main refs/remotes/main [3ms]
2023-02-19 23:51:38.007 [info] > git for-each-ref --sort -committerdate --format %(refname) %(objectname) %(*objectname) [2ms]
2023-02-19 23:51:38.069 [info] > git status -z -uall [72ms]
2023-02-19 23:51:53.203 [info] > git config --get commit.template [13ms]
2023-02-19 23:51:53.204 [info] > git for-each-ref --format=%(refname)%00%(upstream:short)%00%(objectname)%00%(upstream:track)%00%(upstream:remotename)%00%(upstream:remoteref) refs/heads/main refs/remotes/main [2ms]
2023-02-19 23:51:53.229 [info] > git for-each-ref --sort -committerdate --format %(refname) %(objectname) %(*objectname) [2ms]
2023-02-19 23:51:53.317 [info] > git status -z -uall [102ms]
2023-02-19 23:51:58.338 [info] > git config --get commit.template [8ms]
2023-02-19 23:51:58.339 [info] > git for-each-ref --format=%(refname)%00%(upstream:short)%00%(objectname)%00%(upstream:track)%00%(upstream:remotename)%00%(upstream:remoteref) refs/heads/main refs/remotes/main [1ms]
2023-02-19 23:51:58.355 [info] > git for-each-ref --sort -committerdate --format %(refname) %(objectname) %(*objectname) [1ms]
2023-02-19 23:51:58.446 [info] > git status -z -uall [99ms]
2023-02-19 23:52:03.474 [info] > git config --get commit.template [13ms]
2023-02-19 23:52:03.475 [info] > git for-each-ref --format=%(refname)%00%(upstream:short)%00%(objectname)%00%(upstream:track)%00%(upstream:remotename)%00%(upstream:remoteref) refs/heads/main refs/remotes/main [2ms]
2023-02-19 23:52:03.498 [info] > git for-each-ref --sort -committerdate --format %(refname) %(objectname) %(*objectname) [2ms]
2023-02-19 23:52:03.586 [info] > git status -z -uall [99ms]
2023-02-19 23:52:08.617 [info] > git config --get commit.template [13ms]
2023-02-19 23:52:08.618 [info] > git for-each-ref --format=%(refname)%00%(upstream:short)%00%(objectname)%00%(upstream:track)%00%(upstream:remotename)%00%(upstream:remoteref) refs/heads/main refs/remotes/main [2ms]
2023-02-19 23:52:08.643 [info] > git for-each-ref --sort -committerdate --format %(refname) %(objectname) %(*objectname) [2ms]
2023-02-19 23:52:08.727 [info] > git status -z -uall [97ms]
2023-02-19 23:52:16.232 [info] > git config --get commit.template [1ms]
2023-02-19 23:52:16.246 [info] > git for-each-ref --format=%(refname)%00%(upstream:short)%00%(objectname)%00%(upstream:track)%00%(upstream:remotename)%00%(upstream:remoteref) refs/heads/main refs/remotes/main [3ms]
2023-02-19 23:52:16.271 [info] > git for-each-ref --sort -committerdate --format %(refname) %(objectname) %(*objectname) [2ms]
2023-02-19 23:52:16.332 [info] > git status -z -uall [75ms]
2023-02-19 23:52:29.229 [info] > git log --format=%H%n%aN%n%aE%n%at%n%ct%n%P%n%D%n%B -z -n120 -- /home/anton/VSCode/Projects/node-express-course/04-store-api/final/app.js [62ms]
2023-02-19 23:52:48.915 [info] > git config --get commit.template [8ms]
2023-02-19 23:52:48.916 [info] > git for-each-ref --format=%(refname)%00%(upstream:short)%00%(objectname)%00%(upstream:track)%00%(upstream:remotename)%00%(upstream:remoteref) refs/heads/main refs/remotes/main [1ms]
2023-02-19 23:52:48.933 [info] > git for-each-ref --sort -committerdate --format %(refname) %(objectname) %(*objectname) [1ms]
2023-02-19 23:52:48.998 [info] > git status -z -uall [74ms]
2023-02-19 23:52:49.520 [info] > git rev-list --count c1f47916a5860b8c709fbf4a91081f1a793fa541.. -- /home/anton/VSCode/Projects/node-express-course/04-store-api/final/app.js [2ms]
2023-02-19 23:52:49.532 [info] > git log --format=%H%n%aN%n%aE%n%at%n%ct%n%P%n%D%n%B -z -n3 -- /home/anton/VSCode/Projects/node-express-course/04-store-api/final/app.js [2ms]
2023-02-19 23:52:52.238 [info] > git check-ignore -v -z --stdin [1ms]
2023-02-19 23:52:54.025 [info] > git config --get commit.template [12ms]
2023-02-19 23:52:54.026 [info] > git for-each-ref --format=%(refname)%00%(upstream:short)%00%(objectname)%00%(upstream:track)%00%(upstream:remotename)%00%(upstream:remoteref) refs/heads/main refs/remotes/main [2ms]
2023-02-19 23:52:54.046 [info] > git for-each-ref --sort -committerdate --format %(refname) %(objectname) %(*objectname) [1ms]
2023-02-19 23:52:54.108 [info] > git status -z -uall [73ms]
2023-02-19 23:52:54.195 [info] > git check-ignore -v -z --stdin [1ms]
2023-02-19 23:52:54.628 [info] > git rev-list --count c1f47916a5860b8c709fbf4a91081f1a793fa541.. -- /home/anton/VSCode/Projects/node-express-course/04-store-api/final/app.js [2ms]
2023-02-19 23:52:54.641 [info] > git log --format=%H%n%aN%n%aE%n%at%n%ct%n%P%n%D%n%B -z -n3 -- /home/anton/VSCode/Projects/node-express-course/04-store-api/final/app.js [3ms]
2023-02-19 23:52:59.134 [info] > git config --get commit.template [12ms]
2023-02-19 23:52:59.135 [info] > git for-each-ref --format=%(refname)%00%(upstream:short)%00%(objectname)%00%(upstream:track)%00%(upstream:remotename)%00%(upstream:remoteref) refs/heads/main refs/remotes/main [2ms]
2023-02-19 23:52:59.159 [info] > git for-each-ref --sort -committerdate --format %(refname) %(objectname) %(*objectname) [2ms]
2023-02-19 23:52:59.247 [info] > git status -z -uall [101ms]
2023-02-19 23:52:59.765 [info] > git rev-list --count c1f47916a5860b8c709fbf4a91081f1a793fa541.. -- /home/anton/VSCode/Projects/node-express-course/04-store-api/final/app.js [3ms]
2023-02-19 23:52:59.780 [info] > git log --format=%H%n%aN%n%aE%n%at%n%ct%n%P%n%D%n%B -z -n3 -- /home/anton/VSCode/Projects/node-express-course/04-store-api/final/app.js [4ms]
