[Info  - 1:30:17 PM] (37185) Pylance language server 2023.2.20 (pyright cca7588f) starting
[Info  - 1:30:17 PM] (37185) Server root directory: /home/anton/.vscode/extensions/ms-python.vscode-pylance-2023.2.20/dist
[Info  - 1:30:17 PM] (37185) Starting service instance "calc"
[Info  - 1:30:17 PM] (37185) Starting service instance "<default>"
[Info  - 1:30:17 PM] (37185) No configuration file found.
[Info  - 1:30:17 PM] (37185) No pyproject.toml file found.
[Info  - 1:30:17 PM] (37185) Setting pythonPath for service "calc": "/bin/python3"
[Warn  - 1:30:17 PM] (37185) stubPath /home/anton/VSCode/Projects/Web3/calc/typings is not a valid directory.
[Info  - 1:30:17 PM] (37185) Assuming Python version 3.10
[Info  - 1:30:17 PM] (37185) Assuming Python platform Linux
[Info  - 1:30:18 PM] (37185) Searching for source files
[Info  - 1:30:18 PM] (37185) No source files found.
[Info  - 1:30:18 PM] (37185) Background analysis(1) root directory: /home/anton/.vscode/extensions/ms-python.vscode-pylance-2023.2.20/dist
[Info  - 1:30:18 PM] (37185) Background analysis(1) started
[Info  - 1:30:18 PM] (37185) Background analysis(2) root directory: /home/anton/.vscode/extensions/ms-python.vscode-pylance-2023.2.20/dist
[Info  - 1:30:18 PM] (37185) Background analysis(2) started
[Info  - 1:30:18 PM] (37185) No pyproject.toml file found.
[Info  - 1:30:18 PM] (37185) Setting pythonPath for service "<default>": "/bin/python3"
[Warn  - 1:30:18 PM] (37185) stubPath typings is not a valid directory.
[Info  - 1:30:18 PM] (37185) Assuming Python version 3.10
[Info  - 1:30:18 PM] (37185) Assuming Python platform Linux
[Info  - 1:30:18 PM] (37185) Searching for source files
[Info  - 1:30:18 PM] (37185) No source files found.
