2023-02-14 12:33:33.838 [info] Log level: Info
2023-02-14 12:33:33.838 [info] Validating found git in: "git"
2023-02-14 12:33:33.838 [info] Using git "2.34.1" from "git"
2023-02-14 12:33:33.838 [info] > git rev-parse --show-toplevel [6ms]
2023-02-14 12:33:33.838 [info] fatal: not a git repository (or any parent up to mount point /)
Stopping at filesystem boundary (GIT_DISCOVERY_ACROSS_FILESYSTEM not set).
2023-02-14 12:33:33.838 [info] > git rev-parse --show-toplevel [1ms]
2023-02-14 12:33:33.838 [info] fatal: not a git repository (or any parent up to mount point /)
Stopping at filesystem boundary (GIT_DISCOVERY_ACROSS_FILESYSTEM not set).
2023-02-14 12:33:33.838 [info] > git rev-parse --show-toplevel [1ms]
2023-02-14 12:33:33.838 [info] fatal: not a git repository (or any parent up to mount point /)
Stopping at filesystem boundary (GIT_DISCOVERY_ACROSS_FILESYSTEM not set).
2023-02-14 12:33:33.838 [info] > git rev-parse --show-toplevel [1ms]
2023-02-14 12:33:33.838 [info] fatal: not a git repository (or any parent up to mount point /)
Stopping at filesystem boundary (GIT_DISCOVERY_ACROSS_FILESYSTEM not set).
2023-02-14 12:33:33.838 [info] > git rev-parse --show-toplevel [2ms]
2023-02-14 12:33:33.838 [info] fatal: not a git repository (or any parent up to mount point /)
Stopping at filesystem boundary (GIT_DISCOVERY_ACROSS_FILESYSTEM not set).
2023-02-14 12:33:33.838 [info] > git rev-parse --show-toplevel [2ms]
2023-02-14 12:33:33.838 [info] fatal: not a git repository (or any parent up to mount point /)
Stopping at filesystem boundary (GIT_DISCOVERY_ACROSS_FILESYSTEM not set).
2023-02-14 12:33:33.838 [info] > git rev-parse --show-toplevel [1ms]
2023-02-14 12:33:33.838 [info] fatal: not a git repository (or any parent up to mount point /)
Stopping at filesystem boundary (GIT_DISCOVERY_ACROSS_FILESYSTEM not set).
2023-02-14 12:33:33.838 [info] > git rev-parse --show-toplevel [1ms]
2023-02-14 12:33:33.838 [info] fatal: not a git repository (or any parent up to mount point /)
Stopping at filesystem boundary (GIT_DISCOVERY_ACROSS_FILESYSTEM not set).
2023-02-14 12:33:33.838 [info] > git rev-parse --show-toplevel [2ms]
2023-02-14 12:33:33.838 [info] fatal: not a git repository (or any parent up to mount point /)
Stopping at filesystem boundary (GIT_DISCOVERY_ACROSS_FILESYSTEM not set).
2023-02-14 13:22:03.414 [info] > git rev-parse --show-toplevel [17ms]
2023-02-14 13:22:03.454 [info] fatal: not a git repository (or any parent up to mount point /)
Stopping at filesystem boundary (GIT_DISCOVERY_ACROSS_FILESYSTEM not set).
2023-02-14 13:22:13.998 [info] > git rev-parse --show-toplevel [4ms]
2023-02-14 13:22:13.998 [info] fatal: not a git repository (or any parent up to mount point /)
Stopping at filesystem boundary (GIT_DISCOVERY_ACROSS_FILESYSTEM not set).
2023-02-14 13:23:28.096 [info] > git rev-parse --show-toplevel [9ms]
2023-02-14 13:23:28.096 [info] fatal: not a git repository (or any parent up to mount point /)
Stopping at filesystem boundary (GIT_DISCOVERY_ACROSS_FILESYSTEM not set).
2023-02-14 13:23:29.670 [info] > git rev-parse --show-toplevel [5ms]
2023-02-14 13:23:29.670 [info] fatal: not a git repository (or any parent up to mount point /)
Stopping at filesystem boundary (GIT_DISCOVERY_ACROSS_FILESYSTEM not set).
2023-02-14 13:23:35.878 [info] > git rev-parse --show-toplevel [6ms]
2023-02-14 13:23:35.878 [info] fatal: not a git repository (or any parent up to mount point /)
Stopping at filesystem boundary (GIT_DISCOVERY_ACROSS_FILESYSTEM not set).
2023-02-14 13:23:36.680 [info] > git rev-parse --show-toplevel [8ms]
2023-02-14 13:23:36.680 [info] fatal: not a git repository (or any parent up to mount point /)
Stopping at filesystem boundary (GIT_DISCOVERY_ACROSS_FILESYSTEM not set).
2023-02-14 13:30:14.914 [info] > git rev-parse --show-toplevel [6ms]
2023-02-14 13:30:14.914 [info] fatal: not a git repository (or any parent up to mount point /)
Stopping at filesystem boundary (GIT_DISCOVERY_ACROSS_FILESYSTEM not set).
2023-02-14 13:30:22.433 [info] > git rev-parse --show-toplevel [13ms]
2023-02-14 13:30:22.433 [info] fatal: not a git repository (or any parent up to mount point /)
Stopping at filesystem boundary (GIT_DISCOVERY_ACROSS_FILESYSTEM not set).
2023-02-14 13:30:33.433 [info] > git rev-parse --show-toplevel [8ms]
2023-02-14 13:30:33.433 [info] fatal: not a git repository (or any parent up to mount point /)
Stopping at filesystem boundary (GIT_DISCOVERY_ACROSS_FILESYSTEM not set).
2023-02-14 13:30:45.879 [info] > git rev-parse --show-toplevel [7ms]
2023-02-14 13:30:45.879 [info] fatal: not a git repository (or any parent up to mount point /)
Stopping at filesystem boundary (GIT_DISCOVERY_ACROSS_FILESYSTEM not set).
2023-02-14 13:31:54.276 [info] > git rev-parse --show-toplevel [10ms]
2023-02-14 13:31:54.295 [info] fatal: not a git repository (or any parent up to mount point /)
Stopping at filesystem boundary (GIT_DISCOVERY_ACROSS_FILESYSTEM not set).
2023-02-14 13:31:57.362 [info] > git rev-parse --show-toplevel [8ms]
2023-02-14 13:31:57.362 [info] fatal: not a git repository (or any parent up to mount point /)
Stopping at filesystem boundary (GIT_DISCOVERY_ACROSS_FILESYSTEM not set).
2023-02-14 13:33:37.072 [info] > git rev-parse --show-toplevel [9ms]
2023-02-14 13:33:37.072 [info] fatal: not a git repository (or any parent up to mount point /)
Stopping at filesystem boundary (GIT_DISCOVERY_ACROSS_FILESYSTEM not set).
2023-02-14 13:35:14.324 [info] > git rev-parse --show-toplevel [5ms]
2023-02-14 13:35:14.324 [info] fatal: not a git repository (or any parent up to mount point /)
Stopping at filesystem boundary (GIT_DISCOVERY_ACROSS_FILESYSTEM not set).
2023-02-14 13:36:28.060 [info] > git rev-parse --show-toplevel [15ms]
2023-02-14 13:36:28.060 [info] fatal: not a git repository (or any parent up to mount point /)
Stopping at filesystem boundary (GIT_DISCOVERY_ACROSS_FILESYSTEM not set).
2023-02-14 13:36:30.221 [info] > git rev-parse --show-toplevel [6ms]
2023-02-14 13:36:30.221 [info] fatal: not a git repository (or any parent up to mount point /)
Stopping at filesystem boundary (GIT_DISCOVERY_ACROSS_FILESYSTEM not set).
2023-02-14 13:36:35.297 [info] > git rev-parse --show-toplevel [7ms]
2023-02-14 13:36:35.297 [info] fatal: not a git repository (or any parent up to mount point /)
Stopping at filesystem boundary (GIT_DISCOVERY_ACROSS_FILESYSTEM not set).
2023-02-14 13:36:53.466 [info] > git rev-parse --show-toplevel [6ms]
2023-02-14 13:36:53.466 [info] fatal: not a git repository (or any parent up to mount point /)
Stopping at filesystem boundary (GIT_DISCOVERY_ACROSS_FILESYSTEM not set).
2023-02-14 13:36:54.747 [info] > git rev-parse --show-toplevel [7ms]
2023-02-14 13:36:54.747 [info] fatal: not a git repository (or any parent up to mount point /)
Stopping at filesystem boundary (GIT_DISCOVERY_ACROSS_FILESYSTEM not set).
2023-02-14 13:36:55.733 [info] > git rev-parse --show-toplevel [8ms]
2023-02-14 13:36:55.733 [info] fatal: not a git repository (or any parent up to mount point /)
Stopping at filesystem boundary (GIT_DISCOVERY_ACROSS_FILESYSTEM not set).
2023-02-14 13:38:14.236 [info] > git rev-parse --show-toplevel [6ms]
2023-02-14 13:38:14.236 [info] fatal: not a git repository (or any parent up to mount point /)
Stopping at filesystem boundary (GIT_DISCOVERY_ACROSS_FILESYSTEM not set).
2023-02-14 13:38:15.136 [info] > git rev-parse --show-toplevel [4ms]
2023-02-14 13:38:15.136 [info] fatal: not a git repository (or any parent up to mount point /)
Stopping at filesystem boundary (GIT_DISCOVERY_ACROSS_FILESYSTEM not set).
2023-02-14 13:38:16.209 [info] > git rev-parse --show-toplevel [4ms]
2023-02-14 13:38:16.209 [info] fatal: not a git repository (or any parent up to mount point /)
Stopping at filesystem boundary (GIT_DISCOVERY_ACROSS_FILESYSTEM not set).
2023-02-14 13:38:34.137 [info] > git rev-parse --show-toplevel [5ms]
2023-02-14 13:38:34.137 [info] fatal: not a git repository (or any parent up to mount point /)
Stopping at filesystem boundary (GIT_DISCOVERY_ACROSS_FILESYSTEM not set).
2023-02-14 13:38:40.573 [info] > git rev-parse --show-toplevel [14ms]
2023-02-14 13:38:40.574 [info] fatal: not a git repository (or any parent up to mount point /)
Stopping at filesystem boundary (GIT_DISCOVERY_ACROSS_FILESYSTEM not set).
2023-02-14 13:38:41.479 [info] > git rev-parse --show-toplevel [6ms]
2023-02-14 13:38:41.479 [info] fatal: not a git repository (or any parent up to mount point /)
Stopping at filesystem boundary (GIT_DISCOVERY_ACROSS_FILESYSTEM not set).
2023-02-14 13:38:44.399 [info] > git rev-parse --show-toplevel [9ms]
2023-02-14 13:38:44.399 [info] fatal: not a git repository (or any parent up to mount point /)
Stopping at filesystem boundary (GIT_DISCOVERY_ACROSS_FILESYSTEM not set).
2023-02-14 13:55:14.480 [info] Log level: Info
2023-02-14 13:55:14.502 [info] Validating found git in: "git"
2023-02-14 13:55:14.502 [info] Using git "2.34.1" from "git"
2023-02-14 13:55:14.502 [info] > git rev-parse --show-toplevel [542ms]
2023-02-14 13:55:14.502 [info] fatal: not a git repository (or any parent up to mount point /)
Stopping at filesystem boundary (GIT_DISCOVERY_ACROSS_FILESYSTEM not set).
2023-02-14 13:55:14.502 [info] > git rev-parse --show-toplevel [9ms]
2023-02-14 13:55:14.502 [info] fatal: not a git repository (or any parent up to mount point /)
Stopping at filesystem boundary (GIT_DISCOVERY_ACROSS_FILESYSTEM not set).
2023-02-14 13:55:14.514 [info] > git rev-parse --show-toplevel [34ms]
2023-02-14 13:55:14.528 [info] > git rev-parse --git-dir --git-common-dir [2ms]
2023-02-14 13:55:14.546 [info] Open repository: /home/anton/VSCode/Projects/Web3/calc-ui-web3/client
2023-02-14 13:55:14.590 [warning] No remotes found in the git config file.
2023-02-14 13:55:14.592 [info] > git config --get commit.template [28ms]
2023-02-14 13:55:14.615 [info] > git remote --verbose [26ms]
2023-02-14 13:55:17.299 [info] > git for-each-ref --format=%(refname)%00%(upstream:short)%00%(objectname)%00%(upstream:track)%00%(upstream:remotename)%00%(upstream:remoteref) refs/heads/main refs/remotes/main [2724ms]
2023-02-14 13:55:17.426 [info] > git check-ignore -v -z --stdin [294ms]
2023-02-14 13:55:17.427 [info] > git status -z -uall [114ms]
2023-02-14 13:55:17.428 [info] > git for-each-ref --sort -committerdate --format %(refname) %(objectname) %(*objectname) [100ms]
2023-02-14 13:55:17.473 [info] > git config --get commit.template [22ms]
2023-02-14 13:55:17.496 [warning] No remotes found in the git config file.
2023-02-14 13:55:17.533 [info] > git remote --verbose [38ms]
2023-02-14 13:55:17.533 [info] > git for-each-ref --format=%(refname)%00%(upstream:short)%00%(objectname)%00%(upstream:track)%00%(upstream:remotename)%00%(upstream:remoteref) refs/heads/main refs/remotes/main [48ms]
2023-02-14 13:55:17.580 [info] > git status -z -uall [36ms]
2023-02-14 13:55:17.581 [info] > git for-each-ref --sort -committerdate --format %(refname) %(objectname) %(*objectname) [25ms]
2023-02-14 13:55:17.653 [info] > git check-ignore -v -z --stdin [2ms]
2023-02-14 13:57:11.279 [info] > git check-ignore -v -z --stdin [2ms]
2023-02-14 13:57:13.072 [info] > git check-ignore -v -z --stdin [2ms]
2023-02-14 13:57:15.084 [info] > git ls-files --stage -- /home/anton/VSCode/Projects/Web3/calc-ui-web3/client/src/App.test.js [92ms]
2023-02-14 13:57:15.122 [info] > git show --textconv :src/App.test.js [143ms]
2023-02-14 13:57:15.122 [info] > git cat-file -s 1f03afeece5ac28064fa3c73a29215037465f789 [26ms]
2023-02-14 13:57:22.730 [warning] No remotes found in the git config file.
2023-02-14 13:57:22.735 [info] > git config --get commit.template [33ms]
2023-02-14 13:57:22.735 [info] > git for-each-ref --format=%(refname)%00%(upstream:short)%00%(objectname)%00%(upstream:track)%00%(upstream:remotename)%00%(upstream:remoteref) refs/heads/main refs/remotes/main [20ms]
2023-02-14 13:57:22.736 [info] > git remote --verbose [7ms]
2023-02-14 13:57:22.769 [info] > git status -z -uall [17ms]
2023-02-14 13:57:22.772 [info] > git for-each-ref --sort -committerdate --format %(refname) %(objectname) %(*objectname) [4ms]
2023-02-14 13:57:23.537 [info] > git show --textconv :src/index.js [13ms]
2023-02-14 13:57:23.538 [info] > git ls-files --stage -- /home/anton/VSCode/Projects/Web3/calc-ui-web3/client/src/index.js [3ms]
2023-02-14 13:57:23.553 [info] > git cat-file -s d563c0fb10ba0e42724b21286eb546ee4e5734fc [2ms]
2023-02-14 13:57:26.836 [info] > git show --textconv :src/setupTests.js [20ms]
2023-02-14 13:57:26.838 [info] > git ls-files --stage -- /home/anton/VSCode/Projects/Web3/calc-ui-web3/client/src/setupTests.js [4ms]
2023-02-14 13:57:26.854 [info] > git cat-file -s 8f2609b7b3e0e3897ab3bcaad13caf6876e48699 [3ms]
2023-02-14 13:57:30.976 [info] > git config --get commit.template [6ms]
2023-02-14 13:57:31.001 [warning] No remotes found in the git config file.
2023-02-14 13:57:31.003 [info] > git for-each-ref --format=%(refname)%00%(upstream:short)%00%(objectname)%00%(upstream:track)%00%(upstream:remotename)%00%(upstream:remoteref) refs/heads/main refs/remotes/main [14ms]
2023-02-14 13:57:31.006 [info] > git remote --verbose [4ms]
2023-02-14 13:57:31.030 [info] > git status -z -uall [13ms]
2023-02-14 13:57:31.031 [info] > git for-each-ref --sort -committerdate --format %(refname) %(objectname) %(*objectname) [3ms]
2023-02-14 13:57:31.377 [info] > git ls-files --stage -- /home/anton/VSCode/Projects/Web3/calc-ui-web3/client/src/reportWebVitals.js [1ms]
2023-02-14 13:57:31.400 [info] > git show --textconv :src/reportWebVitals.js [37ms]
2023-02-14 13:57:31.400 [info] > git cat-file -s 5253d3ad9e6be6690549cb255f5952337b02401d [10ms]
2023-02-14 13:57:31.919 [info] > git ls-files --stage -- /home/anton/VSCode/Projects/Web3/calc-ui-web3/client/src/logo.svg [2ms]
2023-02-14 13:57:31.932 [info] > git show --textconv :src/logo.svg [28ms]
2023-02-14 13:57:31.933 [info] > git cat-file -s 9dfc1c058cebbef8b891c5062be6f31033d7d186 [4ms]
2023-02-14 13:57:33.228 [info] > git show --textconv :src/index.js [14ms]
2023-02-14 13:57:33.230 [info] > git ls-files --stage -- /home/anton/VSCode/Projects/Web3/calc-ui-web3/client/src/index.js [4ms]
2023-02-14 13:57:33.248 [info] > git cat-file -s d563c0fb10ba0e42724b21286eb546ee4e5734fc [4ms]
2023-02-14 13:57:34.668 [info] > git show --textconv :src/index.css [42ms]
2023-02-14 13:57:34.668 [info] > git ls-files --stage -- /home/anton/VSCode/Projects/Web3/calc-ui-web3/client/src/index.css [30ms]
2023-02-14 13:57:34.687 [info] > git cat-file -s ec2585e8c0bb8188184ed1e0703c4c8f2a8419b0 [5ms]
2023-02-14 13:57:36.585 [info] > git ls-files --stage -- /home/anton/VSCode/Projects/Web3/calc-ui-web3/client/src/App.js [1ms]
2023-02-14 13:57:36.599 [info] > git show --textconv :src/App.js [27ms]
2023-02-14 13:57:36.600 [info] > git cat-file -s 37845757234ccb68531c10cf7a2ffc589c47e342 [2ms]
2023-02-14 13:57:51.791 [warning] No remotes found in the git config file.
2023-02-14 13:57:51.793 [info] > git for-each-ref --format=%(refname)%00%(upstream:short)%00%(objectname)%00%(upstream:track)%00%(upstream:remotename)%00%(upstream:remoteref) refs/heads/main refs/remotes/main [15ms]
2023-02-14 13:57:51.793 [info] > git config --get commit.template [29ms]
2023-02-14 13:57:51.793 [info] > git remote --verbose [2ms]
2023-02-14 13:57:51.822 [info] > git status -z -uall [14ms]
2023-02-14 13:57:51.823 [info] > git for-each-ref --sort -committerdate --format %(refname) %(objectname) %(*objectname) [2ms]
2023-02-14 13:57:56.873 [warning] No remotes found in the git config file.
2023-02-14 13:57:56.874 [info] > git for-each-ref --format=%(refname)%00%(upstream:short)%00%(objectname)%00%(upstream:track)%00%(upstream:remotename)%00%(upstream:remoteref) refs/heads/main refs/remotes/main [16ms]
2023-02-14 13:57:56.874 [info] > git config --get commit.template [31ms]
2023-02-14 13:57:56.875 [info] > git remote --verbose [3ms]
2023-02-14 13:57:56.904 [info] > git status -z -uall [15ms]
2023-02-14 13:57:56.906 [info] > git for-each-ref --sort -committerdate --format %(refname) %(objectname) %(*objectname) [2ms]
2023-02-14 13:59:21.642 [info] > git rev-parse --show-toplevel [5ms]
2023-02-14 13:59:21.642 [info] fatal: not a git repository (or any parent up to mount point /)
Stopping at filesystem boundary (GIT_DISCOVERY_ACROSS_FILESYSTEM not set).
2023-02-14 13:59:25.055 [info] > git rev-parse --show-toplevel [41ms]
2023-02-14 13:59:25.055 [info] fatal: not a git repository (or any parent up to mount point /)
Stopping at filesystem boundary (GIT_DISCOVERY_ACROSS_FILESYSTEM not set).
2023-02-14 13:59:37.630 [info] > git check-ignore -v -z --stdin [2ms]
2023-02-14 13:59:51.615 [info] > git ls-files --stage -- /home/anton/VSCode/Projects/Web3/calc-ui-web3/client/package.json [2ms]
2023-02-14 13:59:51.644 [info] > git cat-file -s 866d5946cfd6c695c4c717bbe0d81b84bc075622 [14ms]
2023-02-14 13:59:51.645 [info] > git show --textconv :package.json [49ms]
2023-02-14 13:59:54.915 [warning] No remotes found in the git config file.
2023-02-14 13:59:54.921 [info] > git config --get commit.template [32ms]
2023-02-14 13:59:54.922 [info] > git remote --verbose [8ms]
2023-02-14 13:59:54.922 [info] > git for-each-ref --format=%(refname)%00%(upstream:short)%00%(objectname)%00%(upstream:track)%00%(upstream:remotename)%00%(upstream:remoteref) refs/heads/main refs/remotes/main [21ms]
2023-02-14 13:59:54.947 [info] > git status -z -uall [11ms]
2023-02-14 13:59:54.948 [info] > git for-each-ref --sort -committerdate --format %(refname) %(objectname) %(*objectname) [2ms]
2023-02-14 13:59:58.610 [info] > git check-ignore -v -z --stdin [2ms]
2023-02-14 13:59:59.997 [warning] No remotes found in the git config file.
2023-02-14 13:59:59.998 [info] > git for-each-ref --format=%(refname)%00%(upstream:short)%00%(objectname)%00%(upstream:track)%00%(upstream:remotename)%00%(upstream:remoteref) refs/heads/main refs/remotes/main [16ms]
2023-02-14 13:59:59.998 [info] > git config --get commit.template [31ms]
2023-02-14 13:59:59.999 [info] > git remote --verbose [2ms]
2023-02-14 14:00:00.032 [info] > git status -z -uall [17ms]
2023-02-14 14:00:00.033 [info] > git for-each-ref --sort -committerdate --format %(refname) %(objectname) %(*objectname) [2ms]
2023-02-14 14:00:01.528 [info] > git ls-files --stage -- /home/anton/VSCode/Projects/Web3/calc-ui-web3/client/README.md [4ms]
2023-02-14 14:00:01.546 [info] > git show --textconv :README.md [34ms]
2023-02-14 14:00:01.546 [info] > git cat-file -s 58beeaccd87e230076cab531b8f418f40b6d1aeb [6ms]
2023-02-14 14:00:09.490 [info] > git show --textconv :tailwind.config.js [28ms]
2023-02-14 14:00:09.494 [info] > git ls-files --stage -- /home/anton/VSCode/Projects/Web3/calc-ui-web3/client/tailwind.config.js [6ms]
2023-02-14 14:00:14.572 [warning] No remotes found in the git config file.
2023-02-14 14:00:14.573 [info] > git config --get commit.template [38ms]
2023-02-14 14:00:14.574 [info] > git remote --verbose [2ms]
2023-02-14 14:00:14.574 [info] > git for-each-ref --format=%(refname)%00%(upstream:short)%00%(objectname)%00%(upstream:track)%00%(upstream:remotename)%00%(upstream:remoteref) refs/heads/main refs/remotes/main [22ms]
2023-02-14 14:00:14.615 [info] > git status -z -uall [20ms]
2023-02-14 14:00:14.616 [info] > git for-each-ref --sort -committerdate --format %(refname) %(objectname) %(*objectname) [2ms]
2023-02-14 14:00:17.633 [info] > git show --textconv :src/index.css [30ms]
2023-02-14 14:00:17.636 [info] > git ls-files --stage -- /home/anton/VSCode/Projects/Web3/calc-ui-web3/client/src/index.css [5ms]
2023-02-14 14:00:17.662 [info] > git cat-file -s ec2585e8c0bb8188184ed1e0703c4c8f2a8419b0 [4ms]
2023-02-14 14:00:23.618 [warning] No remotes found in the git config file.
2023-02-14 14:00:23.620 [info] > git for-each-ref --format=%(refname)%00%(upstream:short)%00%(objectname)%00%(upstream:track)%00%(upstream:remotename)%00%(upstream:remoteref) refs/heads/main refs/remotes/main [19ms]
2023-02-14 14:00:23.621 [info] > git config --get commit.template [40ms]
2023-02-14 14:00:23.621 [info] > git remote --verbose [3ms]
2023-02-14 14:00:23.656 [info] > git status -z -uall [16ms]
2023-02-14 14:00:23.658 [info] > git for-each-ref --sort -committerdate --format %(refname) %(objectname) %(*objectname) [2ms]
2023-02-14 14:00:32.829 [warning] No remotes found in the git config file.
2023-02-14 14:00:32.830 [info] > git for-each-ref --format=%(refname)%00%(upstream:short)%00%(objectname)%00%(upstream:track)%00%(upstream:remotename)%00%(upstream:remoteref) refs/heads/main refs/remotes/main [15ms]
2023-02-14 14:00:32.831 [info] > git config --get commit.template [28ms]
2023-02-14 14:00:32.831 [info] > git remote --verbose [2ms]
2023-02-14 14:00:32.855 [info] > git status -z -uall [12ms]
2023-02-14 14:00:32.856 [info] > git for-each-ref --sort -committerdate --format %(refname) %(objectname) %(*objectname) [1ms]
2023-02-14 14:01:02.914 [warning] No remotes found in the git config file.
2023-02-14 14:01:02.915 [info] > git config --get commit.template [50ms]
2023-02-14 14:01:02.916 [info] > git remote --verbose [2ms]
2023-02-14 14:01:02.917 [info] > git for-each-ref --format=%(refname)%00%(upstream:short)%00%(objectname)%00%(upstream:track)%00%(upstream:remotename)%00%(upstream:remoteref) refs/heads/main refs/remotes/main [31ms]
2023-02-14 14:01:02.962 [info] > git status -z -uall [22ms]
2023-02-14 14:01:02.963 [info] > git for-each-ref --sort -committerdate --format %(refname) %(objectname) %(*objectname) [3ms]
2023-02-14 14:01:15.746 [info] > git config --get commit.template [2ms]
2023-02-14 14:01:15.801 [warning] No remotes found in the git config file.
2023-02-14 14:01:15.802 [info] > git for-each-ref --format=%(refname)%00%(upstream:short)%00%(objectname)%00%(upstream:track)%00%(upstream:remotename)%00%(upstream:remoteref) refs/heads/main refs/remotes/main [29ms]
2023-02-14 14:01:15.803 [info] > git remote --verbose [2ms]
2023-02-14 14:01:15.845 [info] > git status -z -uall [20ms]
2023-02-14 14:01:15.847 [info] > git for-each-ref --sort -committerdate --format %(refname) %(objectname) %(*objectname) [3ms]
2023-02-14 14:01:20.736 [info] > git show --textconv :src/App.css [28ms]
2023-02-14 14:01:20.737 [info] > git ls-files --stage -- /home/anton/VSCode/Projects/Web3/calc-ui-web3/client/src/App.css [2ms]
2023-02-14 14:01:20.757 [info] > git cat-file -s 74b5e053450a48a6bdb4d71aad648e7af821975c [2ms]
2023-02-14 14:01:36.298 [info] > git show --textconv :src/index.js [28ms]
2023-02-14 14:01:36.299 [info] > git ls-files --stage -- /home/anton/VSCode/Projects/Web3/calc-ui-web3/client/src/index.js [3ms]
2023-02-14 14:01:36.324 [info] > git cat-file -s d563c0fb10ba0e42724b21286eb546ee4e5734fc [4ms]
2023-02-14 14:01:40.280 [warning] No remotes found in the git config file.
2023-02-14 14:01:40.300 [info] > git config --get commit.template [39ms]
2023-02-14 14:01:40.300 [info] > git remote --verbose [20ms]
2023-02-14 14:01:40.301 [info] > git for-each-ref --format=%(refname)%00%(upstream:short)%00%(objectname)%00%(upstream:track)%00%(upstream:remotename)%00%(upstream:remoteref) refs/heads/main refs/remotes/main [2ms]
2023-02-14 14:01:40.335 [info] > git status -z -uall [19ms]
2023-02-14 14:01:40.336 [info] > git for-each-ref --sort -committerdate --format %(refname) %(objectname) %(*objectname) [2ms]
2023-02-14 14:01:45.408 [warning] No remotes found in the git config file.
2023-02-14 14:01:45.411 [info] > git remote --verbose [3ms]
2023-02-14 14:01:45.411 [info] > git for-each-ref --format=%(refname)%00%(upstream:short)%00%(objectname)%00%(upstream:track)%00%(upstream:remotename)%00%(upstream:remoteref) refs/heads/main refs/remotes/main [24ms]
2023-02-14 14:01:45.411 [info] > git config --get commit.template [48ms]
2023-02-14 14:01:45.452 [info] > git status -z -uall [22ms]
2023-02-14 14:01:45.453 [info] > git for-each-ref --sort -committerdate --format %(refname) %(objectname) %(*objectname) [2ms]
2023-02-14 14:01:50.521 [warning] No remotes found in the git config file.
2023-02-14 14:01:50.522 [info] > git for-each-ref --format=%(refname)%00%(upstream:short)%00%(objectname)%00%(upstream:track)%00%(upstream:remotename)%00%(upstream:remoteref) refs/heads/main refs/remotes/main [22ms]
2023-02-14 14:01:50.522 [info] > git config --get commit.template [44ms]
2023-02-14 14:01:50.523 [info] > git remote --verbose [3ms]
2023-02-14 14:01:50.565 [info] > git status -z -uall [21ms]
2023-02-14 14:01:50.567 [info] > git for-each-ref --sort -committerdate --format %(refname) %(objectname) %(*objectname) [2ms]
2023-02-14 14:01:55.725 [warning] No remotes found in the git config file.
2023-02-14 14:01:55.726 [info] > git for-each-ref --format=%(refname)%00%(upstream:short)%00%(objectname)%00%(upstream:track)%00%(upstream:remotename)%00%(upstream:remoteref) refs/heads/main refs/remotes/main [21ms]
2023-02-14 14:01:55.726 [info] > git config --get commit.template [45ms]
2023-02-14 14:01:55.727 [info] > git remote --verbose [2ms]
2023-02-14 14:01:55.773 [info] > git status -z -uall [26ms]
2023-02-14 14:01:55.774 [info] > git for-each-ref --sort -committerdate --format %(refname) %(objectname) %(*objectname) [8ms]
2023-02-14 14:02:00.820 [warning] No remotes found in the git config file.
2023-02-14 14:02:00.842 [info] > git config --get commit.template [42ms]
2023-02-14 14:02:00.842 [info] > git remote --verbose [22ms]
2023-02-14 14:02:00.843 [info] > git for-each-ref --format=%(refname)%00%(upstream:short)%00%(objectname)%00%(upstream:track)%00%(upstream:remotename)%00%(upstream:remoteref) refs/heads/main refs/remotes/main [2ms]
2023-02-14 14:02:00.883 [info] > git status -z -uall [20ms]
2023-02-14 14:02:00.885 [info] > git for-each-ref --sort -committerdate --format %(refname) %(objectname) %(*objectname) [3ms]
2023-02-14 14:02:08.292 [info] > git show --textconv :src/logo.svg [22ms]
2023-02-14 14:02:08.293 [info] > git ls-files --stage -- /home/anton/VSCode/Projects/Web3/calc-ui-web3/client/src/logo.svg [3ms]
2023-02-14 14:02:08.317 [info] > git cat-file -s 9dfc1c058cebbef8b891c5062be6f31033d7d186 [3ms]
2023-02-14 14:02:11.708 [warning] No remotes found in the git config file.
2023-02-14 14:02:11.710 [info] > git config --get commit.template [45ms]
2023-02-14 14:02:11.711 [info] > git for-each-ref --format=%(refname)%00%(upstream:short)%00%(objectname)%00%(upstream:track)%00%(upstream:remotename)%00%(upstream:remoteref) refs/heads/main refs/remotes/main [25ms]
2023-02-14 14:02:11.711 [info] > git remote --verbose [3ms]
2023-02-14 14:02:11.759 [info] > git status -z -uall [23ms]
2023-02-14 14:02:11.761 [info] > git for-each-ref --sort -committerdate --format %(refname) %(objectname) %(*objectname) [3ms]
2023-02-14 14:02:26.695 [warning] No remotes found in the git config file.
2023-02-14 14:02:26.697 [info] > git config --get commit.template [45ms]
2023-02-14 14:02:26.697 [info] > git for-each-ref --format=%(refname)%00%(upstream:short)%00%(objectname)%00%(upstream:track)%00%(upstream:remotename)%00%(upstream:remoteref) refs/heads/main refs/remotes/main [23ms]
2023-02-14 14:02:26.698 [info] > git remote --verbose [3ms]
2023-02-14 14:02:26.742 [info] > git status -z -uall [23ms]
2023-02-14 14:02:26.744 [info] > git for-each-ref --sort -committerdate --format %(refname) %(objectname) %(*objectname) [3ms]
2023-02-14 14:02:38.783 [info] > git rev-parse --show-toplevel [6ms]
2023-02-14 14:02:38.783 [info] fatal: not a git repository (or any parent up to mount point /)
Stopping at filesystem boundary (GIT_DISCOVERY_ACROSS_FILESYSTEM not set).
2023-02-14 14:02:46.931 [warning] No remotes found in the git config file.
2023-02-14 14:02:46.932 [info] > git config --get commit.template [37ms]
2023-02-14 14:02:46.932 [info] > git for-each-ref --format=%(refname)%00%(upstream:short)%00%(objectname)%00%(upstream:track)%00%(upstream:remotename)%00%(upstream:remoteref) refs/heads/main refs/remotes/main [18ms]
2023-02-14 14:02:46.933 [info] > git remote --verbose [2ms]
2023-02-14 14:02:46.969 [info] > git status -z -uall [19ms]
2023-02-14 14:02:46.971 [info] > git for-each-ref --sort -committerdate --format %(refname) %(objectname) %(*objectname) [3ms]
2023-02-14 14:02:52.155 [warning] No remotes found in the git config file.
2023-02-14 14:02:52.156 [info] > git for-each-ref --format=%(refname)%00%(upstream:short)%00%(objectname)%00%(upstream:track)%00%(upstream:remotename)%00%(upstream:remoteref) refs/heads/main refs/remotes/main [22ms]
2023-02-14 14:02:52.157 [info] > git config --get commit.template [46ms]
2023-02-14 14:02:52.157 [info] > git remote --verbose [3ms]
2023-02-14 14:02:52.202 [info] > git status -z -uall [23ms]
2023-02-14 14:02:52.203 [info] > git for-each-ref --sort -committerdate --format %(refname) %(objectname) %(*objectname) [2ms]
2023-02-14 14:02:59.018 [info] > git config --get commit.template [1ms]
2023-02-14 14:02:59.059 [warning] No remotes found in the git config file.
2023-02-14 14:02:59.060 [info] > git for-each-ref --format=%(refname)%00%(upstream:short)%00%(objectname)%00%(upstream:track)%00%(upstream:remotename)%00%(upstream:remoteref) refs/heads/main refs/remotes/main [22ms]
2023-02-14 14:02:59.061 [info] > git remote --verbose [2ms]
2023-02-14 14:02:59.104 [info] > git status -z -uall [22ms]
2023-02-14 14:02:59.105 [info] > git for-each-ref --sort -committerdate --format %(refname) %(objectname) %(*objectname) [2ms]
2023-02-14 14:03:04.172 [warning] No remotes found in the git config file.
2023-02-14 14:03:04.173 [info] > git config --get commit.template [43ms]
2023-02-14 14:03:04.173 [info] > git for-each-ref --format=%(refname)%00%(upstream:short)%00%(objectname)%00%(upstream:track)%00%(upstream:remotename)%00%(upstream:remoteref) refs/heads/main refs/remotes/main [22ms]
2023-02-14 14:03:04.174 [info] > git remote --verbose [2ms]
2023-02-14 14:03:04.216 [info] > git status -z -uall [22ms]
2023-02-14 14:03:04.218 [info] > git for-each-ref --sort -committerdate --format %(refname) %(objectname) %(*objectname) [2ms]
2023-02-14 14:03:12.013 [warning] No remotes found in the git config file.
2023-02-14 14:03:12.014 [info] > git config --get commit.template [41ms]
2023-02-14 14:03:12.016 [info] > git remote --verbose [2ms]
2023-02-14 14:03:12.016 [info] > git for-each-ref --format=%(refname)%00%(upstream:short)%00%(objectname)%00%(upstream:track)%00%(upstream:remotename)%00%(upstream:remoteref) refs/heads/main refs/remotes/main [21ms]
2023-02-14 14:03:12.050 [info] > git status -z -uall [18ms]
2023-02-14 14:03:12.051 [info] > git for-each-ref --sort -committerdate --format %(refname) %(objectname) %(*objectname) [3ms]
2023-02-14 14:03:17.117 [warning] No remotes found in the git config file.
2023-02-14 14:03:17.118 [info] > git for-each-ref --format=%(refname)%00%(upstream:short)%00%(objectname)%00%(upstream:track)%00%(upstream:remotename)%00%(upstream:remoteref) refs/heads/main refs/remotes/main [23ms]
2023-02-14 14:03:17.118 [info] > git config --get commit.template [43ms]
2023-02-14 14:03:17.118 [info] > git remote --verbose [2ms]
2023-02-14 14:03:17.158 [info] > git status -z -uall [20ms]
2023-02-14 14:03:17.160 [info] > git for-each-ref --sort -committerdate --format %(refname) %(objectname) %(*objectname) [2ms]
2023-02-14 14:03:26.043 [warning] No remotes found in the git config file.
2023-02-14 14:03:26.045 [info] > git for-each-ref --format=%(refname)%00%(upstream:short)%00%(objectname)%00%(upstream:track)%00%(upstream:remotename)%00%(upstream:remoteref) refs/heads/main refs/remotes/main [18ms]
2023-02-14 14:03:26.045 [info] > git config --get commit.template [39ms]
2023-02-14 14:03:26.045 [info] > git remote --verbose [2ms]
2023-02-14 14:03:26.078 [info] > git status -z -uall [15ms]
2023-02-14 14:03:26.080 [info] > git for-each-ref --sort -committerdate --format %(refname) %(objectname) %(*objectname) [2ms]
2023-02-14 14:03:31.749 [warning] No remotes found in the git config file.
2023-02-14 14:03:31.751 [info] > git config --get commit.template [53ms]
2023-02-14 14:03:31.751 [info] > git for-each-ref --format=%(refname)%00%(upstream:short)%00%(objectname)%00%(upstream:track)%00%(upstream:remotename)%00%(upstream:remoteref) refs/heads/main refs/remotes/main [28ms]
2023-02-14 14:03:31.751 [info] > git remote --verbose [2ms]
2023-02-14 14:03:31.800 [info] > git status -z -uall [25ms]
2023-02-14 14:03:31.802 [info] > git for-each-ref --sort -committerdate --format %(refname) %(objectname) %(*objectname) [3ms]
2023-02-14 14:04:38.094 [warning] No remotes found in the git config file.
2023-02-14 14:04:38.114 [info] > git remote --verbose [20ms]
2023-02-14 14:04:38.114 [info] > git config --get commit.template [42ms]
2023-02-14 14:04:38.114 [info] > git for-each-ref --format=%(refname)%00%(upstream:short)%00%(objectname)%00%(upstream:track)%00%(upstream:remotename)%00%(upstream:remoteref) refs/heads/main refs/remotes/main [1ms]
2023-02-14 14:04:38.154 [info] > git status -z -uall [22ms]
2023-02-14 14:04:38.155 [info] > git for-each-ref --sort -committerdate --format %(refname) %(objectname) %(*objectname) [2ms]
2023-02-14 14:04:43.219 [info] > git config --get commit.template [4ms]
2023-02-14 14:04:43.260 [warning] No remotes found in the git config file.
2023-02-14 14:04:43.290 [info] > git for-each-ref --format=%(refname)%00%(upstream:short)%00%(objectname)%00%(upstream:track)%00%(upstream:remotename)%00%(upstream:remoteref) refs/heads/main refs/remotes/main [53ms]
2023-02-14 14:04:43.292 [info] > git remote --verbose [32ms]
2023-02-14 14:04:43.337 [info] > git status -z -uall [24ms]
2023-02-14 14:04:43.339 [info] > git for-each-ref --sort -committerdate --format %(refname) %(objectname) %(*objectname) [5ms]
2023-02-14 14:04:48.411 [warning] No remotes found in the git config file.
2023-02-14 14:04:48.413 [info] > git for-each-ref --format=%(refname)%00%(upstream:short)%00%(objectname)%00%(upstream:track)%00%(upstream:remotename)%00%(upstream:remoteref) refs/heads/main refs/remotes/main [24ms]
2023-02-14 14:04:48.413 [info] > git config --get commit.template [47ms]
2023-02-14 14:04:48.413 [info] > git remote --verbose [2ms]
2023-02-14 14:04:48.455 [info] > git status -z -uall [20ms]
2023-02-14 14:04:48.456 [info] > git for-each-ref --sort -committerdate --format %(refname) %(objectname) %(*objectname) [2ms]
2023-02-14 21:53:18.343 [info] > git check-ignore -v -z --stdin [51ms]
2023-02-14 21:53:18.819 [info] > git config --get commit.template [18ms]
2023-02-14 21:53:18.837 [warning] No remotes found in the git config file.
2023-02-14 21:53:18.838 [info] > git for-each-ref --format=%(refname)%00%(upstream:short)%00%(objectname)%00%(upstream:track)%00%(upstream:remotename)%00%(upstream:remoteref) refs/heads/main refs/remotes/main [21ms]
2023-02-14 21:53:18.839 [info] > git remote --verbose [2ms]
2023-02-14 21:53:18.874 [info] > git status -z -uall [15ms]
2023-02-14 21:53:18.875 [info] > git for-each-ref --sort -committerdate --format %(refname) %(objectname) %(*objectname) [2ms]
2023-02-14 22:02:15.156 [info] > git show --textconv :components/Calc.js [20ms]
2023-02-14 22:02:15.157 [info] > git ls-files --stage -- /home/anton/VSCode/Projects/Web3/calc-ui-web3/client/components/Calc.js [3ms]
2023-02-14 22:02:15.446 [info] > git check-ignore -v -z --stdin [3ms]
2023-02-14 22:02:15.757 [warning] No remotes found in the git config file.
2023-02-14 22:02:15.758 [info] > git config --get commit.template [32ms]
2023-02-14 22:02:15.759 [info] > git remote --verbose [2ms]
2023-02-14 22:02:15.759 [info] > git for-each-ref --format=%(refname)%00%(upstream:short)%00%(objectname)%00%(upstream:track)%00%(upstream:remotename)%00%(upstream:remoteref) refs/heads/main refs/remotes/main [17ms]
2023-02-14 22:02:15.792 [info] > git status -z -uall [19ms]
2023-02-14 22:02:15.795 [info] > git for-each-ref --sort -committerdate --format %(refname) %(objectname) %(*objectname) [4ms]
2023-02-14 22:02:20.843 [info] > git config --get commit.template [5ms]
2023-02-14 22:02:20.862 [warning] No remotes found in the git config file.
2023-02-14 22:02:20.882 [info] > git remote --verbose [20ms]
2023-02-14 22:02:20.883 [info] > git for-each-ref --format=%(refname)%00%(upstream:short)%00%(objectname)%00%(upstream:track)%00%(upstream:remotename)%00%(upstream:remoteref) refs/heads/main refs/remotes/main [3ms]
2023-02-14 22:02:20.917 [info] > git status -z -uall [16ms]
2023-02-14 22:02:20.918 [info] > git for-each-ref --sort -committerdate --format %(refname) %(objectname) %(*objectname) [2ms]
2023-02-14 22:02:25.979 [warning] No remotes found in the git config file.
2023-02-14 22:02:25.980 [info] > git config --get commit.template [38ms]
2023-02-14 22:02:25.980 [info] > git for-each-ref --format=%(refname)%00%(upstream:short)%00%(objectname)%00%(upstream:track)%00%(upstream:remotename)%00%(upstream:remoteref) refs/heads/main refs/remotes/main [19ms]
2023-02-14 22:02:25.981 [info] > git remote --verbose [2ms]
2023-02-14 22:02:26.016 [info] > git status -z -uall [18ms]
2023-02-14 22:02:26.017 [info] > git for-each-ref --sort -committerdate --format %(refname) %(objectname) %(*objectname) [2ms]
2023-02-14 22:02:37.381 [warning] No remotes found in the git config file.
2023-02-14 22:02:37.383 [info] > git for-each-ref --format=%(refname)%00%(upstream:short)%00%(objectname)%00%(upstream:track)%00%(upstream:remotename)%00%(upstream:remoteref) refs/heads/main refs/remotes/main [25ms]
2023-02-14 22:02:37.383 [info] > git config --get commit.template [52ms]
2023-02-14 22:02:37.384 [info] > git remote --verbose [3ms]
2023-02-14 22:02:37.424 [info] > git status -z -uall [19ms]
2023-02-14 22:02:37.427 [info] > git for-each-ref --sort -committerdate --format %(refname) %(objectname) %(*objectname) [4ms]
2023-02-14 22:02:44.662 [warning] No remotes found in the git config file.
2023-02-14 22:02:44.663 [info] > git for-each-ref --format=%(refname)%00%(upstream:short)%00%(objectname)%00%(upstream:track)%00%(upstream:remotename)%00%(upstream:remoteref) refs/heads/main refs/remotes/main [20ms]
2023-02-14 22:02:44.664 [info] > git config --get commit.template [41ms]
2023-02-14 22:02:44.664 [info] > git remote --verbose [2ms]
2023-02-14 22:02:44.695 [info] > git status -z -uall [16ms]
2023-02-14 22:02:44.697 [info] > git for-each-ref --sort -committerdate --format %(refname) %(objectname) %(*objectname) [2ms]
2023-02-14 22:02:51.335 [warning] No remotes found in the git config file.
2023-02-14 22:02:51.337 [info] > git config --get commit.template [44ms]
2023-02-14 22:02:51.338 [info] > git remote --verbose [3ms]
2023-02-14 22:02:51.338 [info] > git for-each-ref --format=%(refname)%00%(upstream:short)%00%(objectname)%00%(upstream:track)%00%(upstream:remotename)%00%(upstream:remoteref) refs/heads/main refs/remotes/main [24ms]
2023-02-14 22:02:51.389 [info] > git status -z -uall [26ms]
2023-02-14 22:02:51.391 [info] > git for-each-ref --sort -committerdate --format %(refname) %(objectname) %(*objectname) [3ms]
2023-02-14 22:02:56.434 [warning] No remotes found in the git config file.
2023-02-14 22:02:56.455 [info] > git config --get commit.template [41ms]
2023-02-14 22:02:56.456 [info] > git for-each-ref --format=%(refname)%00%(upstream:short)%00%(objectname)%00%(upstream:track)%00%(upstream:remotename)%00%(upstream:remoteref) refs/heads/main refs/remotes/main [2ms]
2023-02-14 22:02:56.456 [info] > git remote --verbose [23ms]
2023-02-14 22:02:56.498 [info] > git status -z -uall [21ms]
2023-02-14 22:02:56.499 [info] > git for-each-ref --sort -committerdate --format %(refname) %(objectname) %(*objectname) [2ms]
2023-02-14 22:03:01.924 [warning] No remotes found in the git config file.
2023-02-14 22:03:01.938 [info] > git config --get commit.template [65ms]
2023-02-14 22:03:01.938 [info] > git remote --verbose [14ms]
2023-02-14 22:03:01.939 [info] > git for-each-ref --format=%(refname)%00%(upstream:short)%00%(objectname)%00%(upstream:track)%00%(upstream:remotename)%00%(upstream:remoteref) refs/heads/main refs/remotes/main [41ms]
2023-02-14 22:03:01.990 [info] > git status -z -uall [28ms]
2023-02-14 22:03:01.992 [info] > git for-each-ref --sort -committerdate --format %(refname) %(objectname) %(*objectname) [4ms]
2023-02-14 22:03:07.058 [warning] No remotes found in the git config file.
2023-02-14 22:03:07.059 [info] > git config --get commit.template [40ms]
2023-02-14 22:03:07.059 [info] > git remote --verbose [2ms]
2023-02-14 22:03:07.059 [info] > git for-each-ref --format=%(refname)%00%(upstream:short)%00%(objectname)%00%(upstream:track)%00%(upstream:remotename)%00%(upstream:remoteref) refs/heads/main refs/remotes/main [20ms]
2023-02-14 22:03:07.105 [info] > git status -z -uall [24ms]
2023-02-14 22:03:07.106 [info] > git for-each-ref --sort -committerdate --format %(refname) %(objectname) %(*objectname) [4ms]
2023-02-14 22:03:12.168 [warning] No remotes found in the git config file.
2023-02-14 22:03:12.169 [info] > git for-each-ref --format=%(refname)%00%(upstream:short)%00%(objectname)%00%(upstream:track)%00%(upstream:remotename)%00%(upstream:remoteref) refs/heads/main refs/remotes/main [21ms]
2023-02-14 22:03:12.169 [info] > git config --get commit.template [40ms]
2023-02-14 22:03:12.170 [info] > git remote --verbose [2ms]
2023-02-14 22:03:12.209 [info] > git status -z -uall [19ms]
2023-02-14 22:03:12.210 [info] > git for-each-ref --sort -committerdate --format %(refname) %(objectname) %(*objectname) [2ms]
2023-02-14 22:03:20.729 [warning] No remotes found in the git config file.
2023-02-14 22:03:20.731 [info] > git for-each-ref --format=%(refname)%00%(upstream:short)%00%(objectname)%00%(upstream:track)%00%(upstream:remotename)%00%(upstream:remoteref) refs/heads/main refs/remotes/main [20ms]
2023-02-14 22:03:20.731 [info] > git config --get commit.template [41ms]
2023-02-14 22:03:20.731 [info] > git remote --verbose [2ms]
2023-02-14 22:03:20.772 [info] > git status -z -uall [19ms]
2023-02-14 22:03:20.773 [info] > git for-each-ref --sort -committerdate --format %(refname) %(objectname) %(*objectname) [2ms]
2023-02-14 22:03:29.961 [warning] No remotes found in the git config file.
2023-02-14 22:03:29.962 [info] > git for-each-ref --format=%(refname)%00%(upstream:short)%00%(objectname)%00%(upstream:track)%00%(upstream:remotename)%00%(upstream:remoteref) refs/heads/main refs/remotes/main [19ms]
2023-02-14 22:03:29.963 [info] > git config --get commit.template [38ms]
2023-02-14 22:03:29.963 [info] > git remote --verbose [2ms]
2023-02-14 22:03:29.995 [info] > git status -z -uall [16ms]
2023-02-14 22:03:29.997 [info] > git for-each-ref --sort -committerdate --format %(refname) %(objectname) %(*objectname) [2ms]
2023-02-14 22:03:41.031 [info] > git check-ignore -v -z --stdin [5ms]
2023-02-14 22:03:41.588 [warning] No remotes found in the git config file.
2023-02-14 22:03:41.590 [info] > git config --get commit.template [37ms]
2023-02-14 22:03:41.591 [info] > git for-each-ref --format=%(refname)%00%(upstream:short)%00%(objectname)%00%(upstream:track)%00%(upstream:remotename)%00%(upstream:remoteref) refs/heads/main refs/remotes/main [21ms]
2023-02-14 22:03:41.591 [info] > git remote --verbose [3ms]
2023-02-14 22:03:41.619 [info] > git status -z -uall [13ms]
2023-02-14 22:03:41.619 [info] > git for-each-ref --sort -committerdate --format %(refname) %(objectname) %(*objectname) [1ms]
2023-02-14 22:03:47.195 [warning] No remotes found in the git config file.
2023-02-14 22:03:47.196 [info] > git for-each-ref --format=%(refname)%00%(upstream:short)%00%(objectname)%00%(upstream:track)%00%(upstream:remotename)%00%(upstream:remoteref) refs/heads/main refs/remotes/main [21ms]
2023-02-14 22:03:47.196 [info] > git config --get commit.template [43ms]
2023-02-14 22:03:47.196 [info] > git remote --verbose [2ms]
2023-02-14 22:03:47.244 [info] > git status -z -uall [24ms]
2023-02-14 22:03:47.246 [info] > git for-each-ref --sort -committerdate --format %(refname) %(objectname) %(*objectname) [3ms]
2023-02-14 22:03:51.426 [info] > git show --textconv :src/components/Calc.js [22ms]
2023-02-14 22:03:51.429 [info] > git ls-files --stage -- /home/anton/VSCode/Projects/Web3/calc-ui-web3/client/src/components/Calc.js [5ms]
2023-02-14 22:03:59.262 [warning] No remotes found in the git config file.
2023-02-14 22:03:59.284 [info] > git config --get commit.template [45ms]
2023-02-14 22:03:59.285 [info] > git remote --verbose [24ms]
2023-02-14 22:03:59.286 [info] > git for-each-ref --format=%(refname)%00%(upstream:short)%00%(objectname)%00%(upstream:track)%00%(upstream:remotename)%00%(upstream:remoteref) refs/heads/main refs/remotes/main [3ms]
2023-02-14 22:03:59.331 [info] > git status -z -uall [23ms]
2023-02-14 22:03:59.332 [info] > git for-each-ref --sort -committerdate --format %(refname) %(objectname) %(*objectname) [2ms]
2023-02-14 22:04:06.910 [warning] No remotes found in the git config file.
2023-02-14 22:04:06.911 [info] > git for-each-ref --format=%(refname)%00%(upstream:short)%00%(objectname)%00%(upstream:track)%00%(upstream:remotename)%00%(upstream:remoteref) refs/heads/main refs/remotes/main [22ms]
2023-02-14 22:04:06.911 [info] > git config --get commit.template [43ms]
2023-02-14 22:04:06.912 [info] > git remote --verbose [2ms]
2023-02-14 22:04:06.957 [info] > git status -z -uall [23ms]
2023-02-14 22:04:06.959 [info] > git for-each-ref --sort -committerdate --format %(refname) %(objectname) %(*objectname) [2ms]
2023-02-14 22:04:11.999 [warning] No remotes found in the git config file.
2023-02-14 22:04:12.018 [info] > git remote --verbose [19ms]
2023-02-14 22:04:12.018 [info] > git config --get commit.template [38ms]
2023-02-14 22:04:12.019 [info] > git for-each-ref --format=%(refname)%00%(upstream:short)%00%(objectname)%00%(upstream:track)%00%(upstream:remotename)%00%(upstream:remoteref) refs/heads/main refs/remotes/main [2ms]
2023-02-14 22:04:12.056 [info] > git status -z -uall [19ms]
2023-02-14 22:04:12.058 [info] > git for-each-ref --sort -committerdate --format %(refname) %(objectname) %(*objectname) [3ms]
2023-02-14 22:04:17.105 [warning] No remotes found in the git config file.
2023-02-14 22:04:17.126 [info] > git remote --verbose [22ms]
2023-02-14 22:04:17.126 [info] > git config --get commit.template [44ms]
2023-02-14 22:04:17.127 [info] > git for-each-ref --format=%(refname)%00%(upstream:short)%00%(objectname)%00%(upstream:track)%00%(upstream:remotename)%00%(upstream:remoteref) refs/heads/main refs/remotes/main [2ms]
2023-02-14 22:04:17.172 [info] > git status -z -uall [25ms]
2023-02-14 22:04:17.174 [info] > git for-each-ref --sort -committerdate --format %(refname) %(objectname) %(*objectname) [6ms]
2023-02-14 22:04:20.208 [info] > git rev-parse --show-toplevel [3ms]
2023-02-14 22:04:20.208 [info] fatal: not a git repository (or any parent up to mount point /)
Stopping at filesystem boundary (GIT_DISCOVERY_ACROSS_FILESYSTEM not set).
2023-02-14 22:04:22.243 [warning] No remotes found in the git config file.
2023-02-14 22:04:22.245 [info] > git for-each-ref --format=%(refname)%00%(upstream:short)%00%(objectname)%00%(upstream:track)%00%(upstream:remotename)%00%(upstream:remoteref) refs/heads/main refs/remotes/main [26ms]
2023-02-14 22:04:22.245 [info] > git config --get commit.template [49ms]
2023-02-14 22:04:22.246 [info] > git remote --verbose [3ms]
2023-02-14 22:04:22.284 [info] > git status -z -uall [19ms]
2023-02-14 22:04:22.285 [info] > git for-each-ref --sort -committerdate --format %(refname) %(objectname) %(*objectname) [2ms]
2023-02-14 22:04:23.447 [info] > git rev-parse --show-toplevel [4ms]
2023-02-14 22:04:23.447 [info] fatal: not a git repository (or any parent up to mount point /)
Stopping at filesystem boundary (GIT_DISCOVERY_ACROSS_FILESYSTEM not set).
2023-02-14 22:04:24.015 [info] > git rev-parse --show-toplevel [4ms]
2023-02-14 22:04:24.015 [info] fatal: not a git repository (or any parent up to mount point /)
Stopping at filesystem boundary (GIT_DISCOVERY_ACROSS_FILESYSTEM not set).
2023-02-14 22:04:25.092 [info] > git rev-parse --show-toplevel [8ms]
2023-02-14 22:04:25.092 [info] fatal: not a git repository (or any parent up to mount point /)
Stopping at filesystem boundary (GIT_DISCOVERY_ACROSS_FILESYSTEM not set).
2023-02-14 22:04:27.312 [info] > git config --get commit.template [2ms]
2023-02-14 22:04:27.356 [warning] No remotes found in the git config file.
2023-02-14 22:04:27.358 [info] > git for-each-ref --format=%(refname)%00%(upstream:short)%00%(objectname)%00%(upstream:track)%00%(upstream:remotename)%00%(upstream:remoteref) refs/heads/main refs/remotes/main [26ms]
2023-02-14 22:04:27.359 [info] > git remote --verbose [3ms]
2023-02-14 22:04:27.400 [info] > git status -z -uall [21ms]
2023-02-14 22:04:27.401 [info] > git for-each-ref --sort -committerdate --format %(refname) %(objectname) %(*objectname) [2ms]
2023-02-14 22:04:42.258 [warning] No remotes found in the git config file.
2023-02-14 22:04:42.259 [info] > git config --get commit.template [50ms]
2023-02-14 22:04:42.260 [info] > git for-each-ref --format=%(refname)%00%(upstream:short)%00%(objectname)%00%(upstream:track)%00%(upstream:remotename)%00%(upstream:remoteref) refs/heads/main refs/remotes/main [27ms]
2023-02-14 22:04:42.261 [info] > git remote --verbose [3ms]
2023-02-14 22:04:42.311 [info] > git status -z -uall [26ms]
2023-02-14 22:04:42.313 [info] > git for-each-ref --sort -committerdate --format %(refname) %(objectname) %(*objectname) [4ms]
2023-02-14 22:04:48.530 [warning] No remotes found in the git config file.
2023-02-14 22:04:48.531 [info] > git for-each-ref --format=%(refname)%00%(upstream:short)%00%(objectname)%00%(upstream:track)%00%(upstream:remotename)%00%(upstream:remoteref) refs/heads/main refs/remotes/main [22ms]
2023-02-14 22:04:48.531 [info] > git config --get commit.template [40ms]
2023-02-14 22:04:48.531 [info] > git remote --verbose [1ms]
2023-02-14 22:04:48.573 [info] > git status -z -uall [22ms]
2023-02-14 22:04:48.575 [info] > git for-each-ref --sort -committerdate --format %(refname) %(objectname) %(*objectname) [2ms]
2023-02-14 22:04:53.915 [warning] No remotes found in the git config file.
2023-02-14 22:04:53.917 [info] > git for-each-ref --format=%(refname)%00%(upstream:short)%00%(objectname)%00%(upstream:track)%00%(upstream:remotename)%00%(upstream:remoteref) refs/heads/main refs/remotes/main [21ms]
2023-02-14 22:04:53.917 [info] > git config --get commit.template [44ms]
2023-02-14 22:04:53.918 [info] > git remote --verbose [3ms]
2023-02-14 22:04:53.968 [info] > git status -z -uall [28ms]
2023-02-14 22:04:53.971 [info] > git for-each-ref --sort -committerdate --format %(refname) %(objectname) %(*objectname) [4ms]
2023-02-14 22:05:03.445 [warning] No remotes found in the git config file.
2023-02-14 22:05:03.447 [info] > git for-each-ref --format=%(refname)%00%(upstream:short)%00%(objectname)%00%(upstream:track)%00%(upstream:remotename)%00%(upstream:remoteref) refs/heads/main refs/remotes/main [23ms]
2023-02-14 22:05:03.447 [info] > git config --get commit.template [44ms]
2023-02-14 22:05:03.447 [info] > git remote --verbose [2ms]
2023-02-14 22:05:03.484 [info] > git status -z -uall [18ms]
2023-02-14 22:05:03.486 [info] > git for-each-ref --sort -committerdate --format %(refname) %(objectname) %(*objectname) [3ms]
2023-02-14 22:05:09.331 [warning] No remotes found in the git config file.
2023-02-14 22:05:09.332 [info] > git config --get commit.template [45ms]
2023-02-14 22:05:09.333 [info] > git remote --verbose [2ms]
2023-02-14 22:05:09.333 [info] > git for-each-ref --format=%(refname)%00%(upstream:short)%00%(objectname)%00%(upstream:track)%00%(upstream:remotename)%00%(upstream:remoteref) refs/heads/main refs/remotes/main [24ms]
2023-02-14 22:05:09.376 [info] > git status -z -uall [22ms]
2023-02-14 22:05:09.378 [info] > git for-each-ref --sort -committerdate --format %(refname) %(objectname) %(*objectname) [3ms]
2023-02-14 22:05:14.982 [warning] No remotes found in the git config file.
2023-02-14 22:05:14.983 [info] > git config --get commit.template [52ms]
2023-02-14 22:05:14.984 [info] > git for-each-ref --format=%(refname)%00%(upstream:short)%00%(objectname)%00%(upstream:track)%00%(upstream:remotename)%00%(upstream:remoteref) refs/heads/main refs/remotes/main [29ms]
2023-02-14 22:05:14.984 [info] > git remote --verbose [3ms]
2023-02-14 22:05:15.033 [info] > git status -z -uall [23ms]
2023-02-14 22:05:15.035 [info] > git for-each-ref --sort -committerdate --format %(refname) %(objectname) %(*objectname) [3ms]
2023-02-14 22:05:20.101 [warning] No remotes found in the git config file.
2023-02-14 22:05:20.101 [info] > git config --get commit.template [42ms]
2023-02-14 22:05:20.103 [info] > git for-each-ref --format=%(refname)%00%(upstream:short)%00%(objectname)%00%(upstream:track)%00%(upstream:remotename)%00%(upstream:remoteref) refs/heads/main refs/remotes/main [22ms]
2023-02-14 22:05:20.103 [info] > git remote --verbose [2ms]
2023-02-14 22:05:20.145 [info] > git status -z -uall [21ms]
2023-02-14 22:05:20.146 [info] > git for-each-ref --sort -committerdate --format %(refname) %(objectname) %(*objectname) [4ms]
2023-02-14 22:05:25.220 [warning] No remotes found in the git config file.
2023-02-14 22:05:25.223 [info] > git for-each-ref --format=%(refname)%00%(upstream:short)%00%(objectname)%00%(upstream:track)%00%(upstream:remotename)%00%(upstream:remoteref) refs/heads/main refs/remotes/main [25ms]
2023-02-14 22:05:25.223 [info] > git config --get commit.template [49ms]
2023-02-14 22:05:25.224 [info] > git remote --verbose [5ms]
2023-02-14 22:05:25.277 [info] > git status -z -uall [29ms]
2023-02-14 22:05:25.278 [info] > git for-each-ref --sort -committerdate --format %(refname) %(objectname) %(*objectname) [7ms]
2023-02-14 22:05:30.338 [warning] No remotes found in the git config file.
2023-02-14 22:05:30.339 [info] > git config --get commit.template [39ms]
2023-02-14 22:05:30.343 [info] > git for-each-ref --format=%(refname)%00%(upstream:short)%00%(objectname)%00%(upstream:track)%00%(upstream:remotename)%00%(upstream:remoteref) refs/heads/main refs/remotes/main [24ms]
2023-02-14 22:05:30.343 [info] > git remote --verbose [5ms]
2023-02-14 22:05:30.374 [info] > git status -z -uall [16ms]
2023-02-14 22:05:30.376 [info] > git for-each-ref --sort -committerdate --format %(refname) %(objectname) %(*objectname) [4ms]
2023-02-14 22:05:35.440 [warning] No remotes found in the git config file.
2023-02-14 22:05:35.441 [info] > git config --get commit.template [41ms]
2023-02-14 22:05:35.441 [info] > git remote --verbose [2ms]
2023-02-14 22:05:35.442 [info] > git for-each-ref --format=%(refname)%00%(upstream:short)%00%(objectname)%00%(upstream:track)%00%(upstream:remotename)%00%(upstream:remoteref) refs/heads/main refs/remotes/main [20ms]
2023-02-14 22:05:35.494 [info] > git status -z -uall [30ms]
2023-02-14 22:05:35.496 [info] > git for-each-ref --sort -committerdate --format %(refname) %(objectname) %(*objectname) [4ms]
2023-02-14 22:05:41.106 [warning] No remotes found in the git config file.
2023-02-14 22:05:41.108 [info] > git config --get commit.template [38ms]
2023-02-14 22:05:41.108 [info] > git remote --verbose [2ms]
2023-02-14 22:05:41.109 [info] > git for-each-ref --format=%(refname)%00%(upstream:short)%00%(objectname)%00%(upstream:track)%00%(upstream:remotename)%00%(upstream:remoteref) refs/heads/main refs/remotes/main [21ms]
2023-02-14 22:05:41.144 [info] > git status -z -uall [19ms]
2023-02-14 22:05:41.145 [info] > git for-each-ref --sort -committerdate --format %(refname) %(objectname) %(*objectname) [3ms]
2023-02-14 22:06:07.632 [warning] No remotes found in the git config file.
2023-02-14 22:06:07.656 [info] > git config --get commit.template [45ms]
2023-02-14 22:06:07.656 [info] > git for-each-ref --format=%(refname)%00%(upstream:short)%00%(objectname)%00%(upstream:track)%00%(upstream:remotename)%00%(upstream:remoteref) refs/heads/main refs/remotes/main [2ms]
2023-02-14 22:06:07.656 [info] > git remote --verbose [24ms]
2023-02-14 22:06:07.698 [info] > git status -z -uall [22ms]
2023-02-14 22:06:07.700 [info] > git for-each-ref --sort -committerdate --format %(refname) %(objectname) %(*objectname) [3ms]
2023-02-14 22:06:12.757 [warning] No remotes found in the git config file.
2023-02-14 22:06:12.758 [info] > git config --get commit.template [37ms]
2023-02-14 22:06:12.759 [info] > git remote --verbose [2ms]
2023-02-14 22:06:12.759 [info] > git for-each-ref --format=%(refname)%00%(upstream:short)%00%(objectname)%00%(upstream:track)%00%(upstream:remotename)%00%(upstream:remoteref) refs/heads/main refs/remotes/main [20ms]
2023-02-14 22:06:12.804 [info] > git status -z -uall [26ms]
2023-02-14 22:06:12.806 [info] > git for-each-ref --sort -committerdate --format %(refname) %(objectname) %(*objectname) [8ms]
2023-02-14 22:06:17.870 [warning] No remotes found in the git config file.
2023-02-14 22:06:17.872 [info] > git config --get commit.template [42ms]
2023-02-14 22:06:17.873 [info] > git remote --verbose [3ms]
2023-02-14 22:06:17.873 [info] > git for-each-ref --format=%(refname)%00%(upstream:short)%00%(objectname)%00%(upstream:track)%00%(upstream:remotename)%00%(upstream:remoteref) refs/heads/main refs/remotes/main [24ms]
2023-02-14 22:06:17.912 [info] > git status -z -uall [20ms]
2023-02-14 22:06:17.913 [info] > git for-each-ref --sort -committerdate --format %(refname) %(objectname) %(*objectname) [2ms]
2023-02-14 22:06:22.978 [warning] No remotes found in the git config file.
2023-02-14 22:06:22.979 [info] > git for-each-ref --format=%(refname)%00%(upstream:short)%00%(objectname)%00%(upstream:track)%00%(upstream:remotename)%00%(upstream:remoteref) refs/heads/main refs/remotes/main [20ms]
2023-02-14 22:06:22.980 [info] > git config --get commit.template [42ms]
2023-02-14 22:06:22.980 [info] > git remote --verbose [2ms]
2023-02-14 22:06:23.016 [info] > git status -z -uall [19ms]
2023-02-14 22:06:23.018 [info] > git for-each-ref --sort -committerdate --format %(refname) %(objectname) %(*objectname) [2ms]
2023-02-14 22:06:32.099 [warning] No remotes found in the git config file.
2023-02-14 22:06:32.101 [info] > git for-each-ref --format=%(refname)%00%(upstream:short)%00%(objectname)%00%(upstream:track)%00%(upstream:remotename)%00%(upstream:remoteref) refs/heads/main refs/remotes/main [27ms]
2023-02-14 22:06:32.102 [info] > git config --get commit.template [50ms]
2023-02-14 22:06:32.102 [info] > git remote --verbose [3ms]
2023-02-14 22:06:32.150 [info] > git status -z -uall [24ms]
2023-02-14 22:06:32.153 [info] > git for-each-ref --sort -committerdate --format %(refname) %(objectname) %(*objectname) [3ms]
2023-02-14 22:06:37.188 [info] > git config --get commit.template [8ms]
2023-02-14 22:06:37.233 [warning] No remotes found in the git config file.
2023-02-14 22:06:37.236 [info] > git remote --verbose [3ms]
2023-02-14 22:06:37.237 [info] > git for-each-ref --format=%(refname)%00%(upstream:short)%00%(objectname)%00%(upstream:track)%00%(upstream:remotename)%00%(upstream:remoteref) refs/heads/main refs/remotes/main [26ms]
2023-02-14 22:06:37.271 [info] > git status -z -uall [17ms]
2023-02-14 22:06:37.272 [info] > git for-each-ref --sort -committerdate --format %(refname) %(objectname) %(*objectname) [2ms]
2023-02-14 22:06:42.327 [warning] No remotes found in the git config file.
2023-02-14 22:06:42.328 [info] > git config --get commit.template [35ms]
2023-02-14 22:06:42.329 [info] > git remote --verbose [1ms]
2023-02-14 22:06:42.329 [info] > git for-each-ref --format=%(refname)%00%(upstream:short)%00%(objectname)%00%(upstream:track)%00%(upstream:remotename)%00%(upstream:remoteref) refs/heads/main refs/remotes/main [19ms]
2023-02-14 22:06:42.367 [info] > git status -z -uall [19ms]
2023-02-14 22:06:42.368 [info] > git for-each-ref --sort -committerdate --format %(refname) %(objectname) %(*objectname) [2ms]
2023-02-14 22:07:18.589 [warning] No remotes found in the git config file.
2023-02-14 22:07:18.591 [info] > git for-each-ref --format=%(refname)%00%(upstream:short)%00%(objectname)%00%(upstream:track)%00%(upstream:remotename)%00%(upstream:remoteref) refs/heads/main refs/remotes/main [21ms]
2023-02-14 22:07:18.591 [info] > git config --get commit.template [41ms]
2023-02-14 22:07:18.591 [info] > git remote --verbose [2ms]
2023-02-14 22:07:18.633 [info] > git status -z -uall [22ms]
2023-02-14 22:07:18.636 [info] > git for-each-ref --sort -committerdate --format %(refname) %(objectname) %(*objectname) [4ms]
2023-02-14 22:07:26.632 [warning] No remotes found in the git config file.
2023-02-14 22:07:26.659 [info] > git config --get commit.template [50ms]
2023-02-14 22:07:26.659 [info] > git remote --verbose [27ms]
2023-02-14 22:07:26.661 [info] > git for-each-ref --format=%(refname)%00%(upstream:short)%00%(objectname)%00%(upstream:track)%00%(upstream:remotename)%00%(upstream:remoteref) refs/heads/main refs/remotes/main [3ms]
2023-02-14 22:07:26.708 [info] > git status -z -uall [24ms]
2023-02-14 22:07:26.710 [info] > git for-each-ref --sort -committerdate --format %(refname) %(objectname) %(*objectname) [3ms]
2023-02-14 22:07:34.423 [warning] No remotes found in the git config file.
2023-02-14 22:07:34.424 [info] > git for-each-ref --format=%(refname)%00%(upstream:short)%00%(objectname)%00%(upstream:track)%00%(upstream:remotename)%00%(upstream:remoteref) refs/heads/main refs/remotes/main [24ms]
2023-02-14 22:07:34.424 [info] > git config --get commit.template [47ms]
2023-02-14 22:07:34.425 [info] > git remote --verbose [3ms]
2023-02-14 22:07:34.471 [info] > git status -z -uall [25ms]
2023-02-14 22:07:34.473 [info] > git for-each-ref --sort -committerdate --format %(refname) %(objectname) %(*objectname) [3ms]
2023-02-14 22:07:46.530 [info] > git config --get commit.template [2ms]
2023-02-14 22:07:46.567 [warning] No remotes found in the git config file.
2023-02-14 22:07:46.568 [info] > git for-each-ref --format=%(refname)%00%(upstream:short)%00%(objectname)%00%(upstream:track)%00%(upstream:remotename)%00%(upstream:remoteref) refs/heads/main refs/remotes/main [20ms]
2023-02-14 22:07:46.569 [info] > git remote --verbose [2ms]
2023-02-14 22:07:46.607 [info] > git status -z -uall [20ms]
2023-02-14 22:07:46.609 [info] > git for-each-ref --sort -committerdate --format %(refname) %(objectname) %(*objectname) [3ms]
2023-02-14 22:07:52.398 [warning] No remotes found in the git config file.
2023-02-14 22:07:52.418 [info] > git remote --verbose [19ms]
2023-02-14 22:07:52.418 [info] > git config --get commit.template [39ms]
2023-02-14 22:07:52.419 [info] > git for-each-ref --format=%(refname)%00%(upstream:short)%00%(objectname)%00%(upstream:track)%00%(upstream:remotename)%00%(upstream:remoteref) refs/heads/main refs/remotes/main [2ms]
2023-02-14 22:07:52.456 [info] > git status -z -uall [18ms]
2023-02-14 22:07:52.458 [info] > git for-each-ref --sort -committerdate --format %(refname) %(objectname) %(*objectname) [2ms]
2023-02-14 22:07:57.521 [warning] No remotes found in the git config file.
2023-02-14 22:07:57.522 [info] > git for-each-ref --format=%(refname)%00%(upstream:short)%00%(objectname)%00%(upstream:track)%00%(upstream:remotename)%00%(upstream:remoteref) refs/heads/main refs/remotes/main [19ms]
2023-02-14 22:07:57.522 [info] > git config --get commit.template [39ms]
2023-02-14 22:07:57.523 [info] > git remote --verbose [2ms]
2023-02-14 22:07:57.561 [info] > git status -z -uall [19ms]
2023-02-14 22:07:57.563 [info] > git for-each-ref --sort -committerdate --format %(refname) %(objectname) %(*objectname) [2ms]
2023-02-14 22:08:26.836 [info] > git rev-parse --show-toplevel [6ms]
2023-02-14 22:08:26.836 [info] fatal: not a git repository (or any parent up to mount point /)
Stopping at filesystem boundary (GIT_DISCOVERY_ACROSS_FILESYSTEM not set).
2023-02-14 22:08:35.658 [warning] No remotes found in the git config file.
2023-02-14 22:08:35.659 [info] > git config --get commit.template [40ms]
2023-02-14 22:08:35.660 [info] > git remote --verbose [1ms]
2023-02-14 22:08:35.660 [info] > git for-each-ref --format=%(refname)%00%(upstream:short)%00%(objectname)%00%(upstream:track)%00%(upstream:remotename)%00%(upstream:remoteref) refs/heads/main refs/remotes/main [21ms]
2023-02-14 22:08:35.699 [info] > git status -z -uall [20ms]
2023-02-14 22:08:35.701 [info] > git for-each-ref --sort -committerdate --format %(refname) %(objectname) %(*objectname) [3ms]
2023-02-14 22:08:54.916 [warning] No remotes found in the git config file.
2023-02-14 22:08:54.917 [info] > git for-each-ref --format=%(refname)%00%(upstream:short)%00%(objectname)%00%(upstream:track)%00%(upstream:remotename)%00%(upstream:remoteref) refs/heads/main refs/remotes/main [20ms]
2023-02-14 22:08:54.918 [info] > git config --get commit.template [46ms]
2023-02-14 22:08:54.918 [info] > git remote --verbose [2ms]
2023-02-14 22:08:54.957 [info] > git status -z -uall [19ms]
2023-02-14 22:08:54.958 [info] > git for-each-ref --sort -committerdate --format %(refname) %(objectname) %(*objectname) [2ms]
2023-02-14 22:09:00.017 [warning] No remotes found in the git config file.
2023-02-14 22:09:00.018 [info] > git for-each-ref --format=%(refname)%00%(upstream:short)%00%(objectname)%00%(upstream:track)%00%(upstream:remotename)%00%(upstream:remoteref) refs/heads/main refs/remotes/main [19ms]
2023-02-14 22:09:00.018 [info] > git config --get commit.template [38ms]
2023-02-14 22:09:00.018 [info] > git remote --verbose [1ms]
2023-02-14 22:09:00.058 [info] > git status -z -uall [20ms]
2023-02-14 22:09:00.060 [info] > git for-each-ref --sort -committerdate --format %(refname) %(objectname) %(*objectname) [2ms]
2023-02-14 22:10:01.682 [info] > git rev-parse --show-toplevel [1ms]
2023-02-14 22:10:01.682 [info] fatal: not a git repository (or any parent up to mount point /)
Stopping at filesystem boundary (GIT_DISCOVERY_ACROSS_FILESYSTEM not set).
2023-02-14 22:10:15.168 [warning] No remotes found in the git config file.
2023-02-14 22:10:15.169 [info] > git for-each-ref --format=%(refname)%00%(upstream:short)%00%(objectname)%00%(upstream:track)%00%(upstream:remotename)%00%(upstream:remoteref) refs/heads/main refs/remotes/main [22ms]
2023-02-14 22:10:15.169 [info] > git config --get commit.template [43ms]
2023-02-14 22:10:15.170 [info] > git remote --verbose [2ms]
2023-02-14 22:10:15.216 [info] > git status -z -uall [26ms]
2023-02-14 22:10:15.217 [info] > git for-each-ref --sort -committerdate --format %(refname) %(objectname) %(*objectname) [7ms]
2023-02-14 22:10:20.284 [warning] No remotes found in the git config file.
2023-02-14 22:10:20.285 [info] > git config --get commit.template [41ms]
2023-02-14 22:10:20.286 [info] > git for-each-ref --format=%(refname)%00%(upstream:short)%00%(objectname)%00%(upstream:track)%00%(upstream:remotename)%00%(upstream:remoteref) refs/heads/main refs/remotes/main [22ms]
2023-02-14 22:10:20.286 [info] > git remote --verbose [2ms]
2023-02-14 22:10:20.324 [info] > git status -z -uall [19ms]
2023-02-14 22:10:20.326 [info] > git for-each-ref --sort -committerdate --format %(refname) %(objectname) %(*objectname) [2ms]
2023-02-14 22:10:25.403 [warning] No remotes found in the git config file.
2023-02-14 22:10:25.404 [info] > git config --get commit.template [51ms]
2023-02-14 22:10:25.404 [info] > git for-each-ref --format=%(refname)%00%(upstream:short)%00%(objectname)%00%(upstream:track)%00%(upstream:remotename)%00%(upstream:remoteref) refs/heads/main refs/remotes/main [25ms]
2023-02-14 22:10:25.404 [info] > git remote --verbose [2ms]
2023-02-14 22:10:25.462 [info] > git status -z -uall [30ms]
2023-02-14 22:10:25.464 [info] > git for-each-ref --sort -committerdate --format %(refname) %(objectname) %(*objectname) [2ms]
2023-02-14 22:12:30.639 [info] > git config --get commit.template [4ms]
2023-02-14 22:12:30.687 [warning] No remotes found in the git config file.
2023-02-14 22:12:30.689 [info] > git for-each-ref --format=%(refname)%00%(upstream:short)%00%(objectname)%00%(upstream:track)%00%(upstream:remotename)%00%(upstream:remoteref) refs/heads/main refs/remotes/main [20ms]
2023-02-14 22:12:30.690 [info] > git remote --verbose [3ms]
2023-02-14 22:12:30.725 [info] > git status -z -uall [18ms]
2023-02-14 22:12:30.726 [info] > git for-each-ref --sort -committerdate --format %(refname) %(objectname) %(*objectname) [2ms]
2023-02-14 22:12:35.791 [warning] No remotes found in the git config file.
2023-02-14 22:12:35.792 [info] > git for-each-ref --format=%(refname)%00%(upstream:short)%00%(objectname)%00%(upstream:track)%00%(upstream:remotename)%00%(upstream:remoteref) refs/heads/main refs/remotes/main [21ms]
2023-02-14 22:12:35.793 [info] > git config --get commit.template [42ms]
2023-02-14 22:12:35.793 [info] > git remote --verbose [2ms]
2023-02-14 22:12:35.834 [info] > git status -z -uall [21ms]
2023-02-14 22:12:35.836 [info] > git for-each-ref --sort -committerdate --format %(refname) %(objectname) %(*objectname) [3ms]
2023-02-14 22:12:44.239 [warning] No remotes found in the git config file.
2023-02-14 22:12:44.240 [info] > git for-each-ref --format=%(refname)%00%(upstream:short)%00%(objectname)%00%(upstream:track)%00%(upstream:remotename)%00%(upstream:remoteref) refs/heads/main refs/remotes/main [21ms]
2023-02-14 22:12:44.240 [info] > git config --get commit.template [42ms]
2023-02-14 22:12:44.240 [info] > git remote --verbose [2ms]
2023-02-14 22:12:44.283 [info] > git status -z -uall [20ms]
2023-02-14 22:12:44.285 [info] > git for-each-ref --sort -committerdate --format %(refname) %(objectname) %(*objectname) [2ms]
2023-02-14 22:12:49.319 [info] > git config --get commit.template [9ms]
2023-02-14 22:12:49.364 [warning] No remotes found in the git config file.
2023-02-14 22:12:49.367 [info] > git for-each-ref --format=%(refname)%00%(upstream:short)%00%(objectname)%00%(upstream:track)%00%(upstream:remotename)%00%(upstream:remoteref) refs/heads/main refs/remotes/main [23ms]
2023-02-14 22:12:49.368 [info] > git remote --verbose [4ms]
2023-02-14 22:12:49.405 [info] > git status -z -uall [20ms]
2023-02-14 22:12:49.407 [info] > git for-each-ref --sort -committerdate --format %(refname) %(objectname) %(*objectname) [5ms]
2023-02-14 22:12:54.464 [warning] No remotes found in the git config file.
2023-02-14 22:12:54.465 [info] > git config --get commit.template [36ms]
2023-02-14 22:12:54.465 [info] > git for-each-ref --format=%(refname)%00%(upstream:short)%00%(objectname)%00%(upstream:track)%00%(upstream:remotename)%00%(upstream:remoteref) refs/heads/main refs/remotes/main [19ms]
2023-02-14 22:12:54.465 [info] > git remote --verbose [2ms]
2023-02-14 22:12:54.504 [info] > git status -z -uall [20ms]
2023-02-14 22:12:54.506 [info] > git for-each-ref --sort -committerdate --format %(refname) %(objectname) %(*objectname) [2ms]
2023-02-14 22:13:02.608 [warning] No remotes found in the git config file.
2023-02-14 22:13:02.609 [info] > git for-each-ref --format=%(refname)%00%(upstream:short)%00%(objectname)%00%(upstream:track)%00%(upstream:remotename)%00%(upstream:remoteref) refs/heads/main refs/remotes/main [24ms]
2023-02-14 22:13:02.609 [info] > git config --get commit.template [48ms]
2023-02-14 22:13:02.610 [info] > git remote --verbose [2ms]
2023-02-14 22:13:02.658 [info] > git status -z -uall [24ms]
2023-02-14 22:13:02.660 [info] > git for-each-ref --sort -committerdate --format %(refname) %(objectname) %(*objectname) [2ms]
2023-02-15 00:33:45.449 [warning] No remotes found in the git config file.
2023-02-15 00:33:45.450 [info] > git for-each-ref --format=%(refname)%00%(upstream:short)%00%(objectname)%00%(upstream:track)%00%(upstream:remotename)%00%(upstream:remoteref) refs/heads/main refs/remotes/main [18ms]
2023-02-15 00:33:45.450 [info] > git config --get commit.template [35ms]
2023-02-15 00:33:45.451 [info] > git remote --verbose [2ms]
2023-02-15 00:33:45.487 [info] > git status -z -uall [19ms]
2023-02-15 00:33:45.488 [info] > git for-each-ref --sort -committerdate --format %(refname) %(objectname) %(*objectname) [2ms]
