2023-02-14 12:33:29.609 [info] Extension host with pid 32940 started
2023-02-14 12:33:29.609 [info] Skipping acquiring lock for /home/anton/.config/Code/User/workspaceStorage/d44ca78a46f778351730260a567b5c50.
2023-02-14 12:33:29.702 [info] ExtensionService#_doActivateExtension vscode.typescript-language-features, startup: false, activationEvent: 'onLanguage:javascript'
2023-02-14 12:33:29.703 [info] ExtensionService#_doActivateExtension vscode.microsoft-authentication, startup: false, activationEvent: 'onAuthenticationRequest:microsoft'
2023-02-14 12:33:29.703 [info] ExtensionService#_doActivateExtension vscode.git-base, startup: true, activationEvent: '*', root cause: vscode.git
2023-02-14 12:33:29.703 [info] ExtensionService#_doActivateExtension formulahendry.auto-rename-tag, startup: true, activationEvent: '*'
2023-02-14 12:33:31.878 [info] ExtensionService#_doActivateExtension vscode.git, startup: true, activationEvent: '*'
2023-02-14 12:33:31.878 [info] ExtensionService#_doActivateExtension vscode.github, startup: true, activationEvent: '*'
2023-02-14 12:33:33.015 [info] Eager extensions activated
2023-02-14 12:33:33.039 [info] ExtensionService#_doActivateExtension vscode.debug-auto-launch, startup: false, activationEvent: 'onStartupFinished'
2023-02-14 12:33:33.039 [info] ExtensionService#_doActivateExtension vscode.emmet, startup: false, activationEvent: 'onStartupFinished'
2023-02-14 12:33:33.039 [info] ExtensionService#_doActivateExtension vscode.merge-conflict, startup: false, activationEvent: 'onStartupFinished'
2023-02-14 12:33:33.040 [info] ExtensionService#_doActivateExtension dbaeumer.vscode-eslint, startup: false, activationEvent: 'onStartupFinished'
2023-02-14 12:33:33.040 [info] ExtensionService#_doActivateExtension vscode.npm, startup: false, activationEvent: 'onStartupFinished', root cause: esbenp.prettier-vscode
2023-02-14 12:33:33.040 [info] ExtensionService#_doActivateExtension ms-vscode-remote.remote-containers, startup: false, activationEvent: 'onStartupFinished'
2023-02-14 12:33:33.040 [info] ExtensionService#_doActivateExtension rangav.vscode-thunder-client, startup: false, activationEvent: 'onStartupFinished'
2023-02-14 12:33:33.040 [info] ExtensionService#_doActivateExtension vscode.github-authentication, startup: false, activationEvent: 'onAuthenticationRequest:github'
2023-02-14 12:33:39.607 [info] ExtensionService#_doActivateExtension esbenp.prettier-vscode, startup: false, activationEvent: 'onStartupFinished'
2023-02-14 12:33:44.190 [info] Extension host terminating: received terminate message from renderer
2023-02-14 12:33:46.211 [error] Error: Stopping the server timed out
    at /home/anton/.vscode/extensions/dbaeumer.vscode-eslint-2.4.0/client/out/extension.js:1:104373
    at async Promise.all (index 10)
    at d.Q (/usr/share/code/resources/app/out/vs/workbench/api/node/extensionHostProcess.js:106:9315)
2023-02-14 12:33:46.212 [info] Extension host with pid 32940 exiting with code 0
