2023-02-14 12:33:29.609 [info] Extension host with pid 32937 started
2023-02-14 12:33:29.609 [info] Skipping acquiring lock for /home/anton/.config/Code/User/workspaceStorage/5c89d0b0058b4e1fd32fe23a26b8c171.
2023-02-14 12:33:29.734 [info] ExtensionService#_doActivateExtension vscode.typescript-language-features, startup: false, activationEvent: 'onLanguage:javascript'
2023-02-14 12:33:29.735 [info] ExtensionService#_doActivateExtension vscode.microsoft-authentication, startup: false, activationEvent: 'onAuthenticationRequest:microsoft'
2023-02-14 12:33:29.735 [info] ExtensionService#_doActivateExtension vscode.git-base, startup: true, activationEvent: '*', root cause: vscode.git
2023-02-14 12:33:29.735 [info] ExtensionService#_doActivateExtension formulahendry.auto-rename-tag, startup: true, activationEvent: '*'
2023-02-14 12:33:31.596 [info] ExtensionService#_doActivateExtension vscode.npm, startup: true, activationEvent: 'workspaceContains:package.json'
2023-02-14 12:33:31.938 [info] ExtensionService#_doActivateExtension vscode.git, startup: true, activationEvent: '*'
2023-02-14 12:33:31.939 [info] ExtensionService#_doActivateExtension vscode.github, startup: true, activationEvent: '*'
2023-02-14 12:33:33.382 [info] ExtensionService#_doActivateExtension vscode.github-authentication, startup: false, activationEvent: 'onAuthenticationRequest:github'
2023-02-14 12:33:34.823 [info] Eager extensions activated
2023-02-14 12:33:34.854 [info] ExtensionService#_doActivateExtension vscode.debug-auto-launch, startup: false, activationEvent: 'onStartupFinished'
2023-02-14 12:33:34.855 [info] ExtensionService#_doActivateExtension vscode.emmet, startup: false, activationEvent: 'onStartupFinished'
2023-02-14 12:33:34.855 [info] ExtensionService#_doActivateExtension vscode.merge-conflict, startup: false, activationEvent: 'onStartupFinished'
2023-02-14 12:33:34.855 [info] ExtensionService#_doActivateExtension dbaeumer.vscode-eslint, startup: false, activationEvent: 'onStartupFinished'
2023-02-14 12:33:34.856 [info] ExtensionService#_doActivateExtension esbenp.prettier-vscode, startup: false, activationEvent: 'onStartupFinished'
2023-02-14 12:33:34.856 [info] ExtensionService#_doActivateExtension ms-vscode-remote.remote-containers, startup: false, activationEvent: 'onStartupFinished'
2023-02-14 12:33:34.856 [info] ExtensionService#_doActivateExtension rangav.vscode-thunder-client, startup: false, activationEvent: 'onStartupFinished'
2023-02-14 13:30:14.926 [info] ExtensionService#_doActivateExtension vscode.configuration-editing, startup: false, activationEvent: 'onLanguage:json'
2023-02-14 13:30:14.940 [info] ExtensionService#_doActivateExtension vscode.extension-editing, startup: false, activationEvent: 'onLanguage:json'
2023-02-14 13:30:14.940 [info] ExtensionService#_doActivateExtension vscode.json-language-features, startup: false, activationEvent: 'onLanguage:json'
2023-02-14 13:30:14.940 [info] ExtensionService#_doActivateExtension ms-python.python, startup: false, activationEvent: 'onLanguage:json'
2023-02-14 13:30:22.434 [info] ExtensionService#_doActivateExtension vscode.html-language-features, startup: false, activationEvent: 'onLanguage:html'
2023-02-14 13:30:45.881 [info] ExtensionService#_doActivateExtension JuanBlanco.solidity, startup: false, activationEvent: 'onLanguage:solidity'
2023-02-14 13:55:01.027 [info] Extension host terminating: received terminate message from renderer
2023-02-14 13:55:01.539 [info] Extension host with pid 32937 exiting with code 0
2023-02-14 13:55:11.323 [info] Extension host with pid 40620 started
2023-02-14 13:55:11.323 [info] Skipping acquiring lock for /home/anton/.config/Code/User/workspaceStorage/44845535336dd02bf4826cffd4a9de7d.
2023-02-14 13:55:11.430 [info] ExtensionService#_doActivateExtension vscode.microsoft-authentication, startup: false, activationEvent: 'onAuthenticationRequest:microsoft'
2023-02-14 13:55:11.431 [info] ExtensionService#_doActivateExtension vscode.git-base, startup: true, activationEvent: '*', root cause: vscode.git
2023-02-14 13:55:11.431 [info] ExtensionService#_doActivateExtension formulahendry.auto-rename-tag, startup: true, activationEvent: '*'
2023-02-14 13:55:13.519 [info] ExtensionService#_doActivateExtension vscode.git, startup: true, activationEvent: '*'
2023-02-14 13:55:13.519 [info] ExtensionService#_doActivateExtension vscode.github, startup: true, activationEvent: '*'
2023-02-14 13:55:13.906 [info] ExtensionService#_doActivateExtension vscode.github-authentication, startup: false, activationEvent: 'onAuthenticationRequest:github'
2023-02-14 13:55:14.725 [info] Eager extensions activated
2023-02-14 13:55:14.728 [info] ExtensionService#_doActivateExtension vscode.debug-auto-launch, startup: false, activationEvent: 'onStartupFinished'
2023-02-14 13:55:14.729 [info] ExtensionService#_doActivateExtension vscode.emmet, startup: false, activationEvent: 'onStartupFinished'
2023-02-14 13:55:14.729 [info] ExtensionService#_doActivateExtension vscode.merge-conflict, startup: false, activationEvent: 'onStartupFinished'
2023-02-14 13:55:14.729 [info] ExtensionService#_doActivateExtension dbaeumer.vscode-eslint, startup: false, activationEvent: 'onStartupFinished'
2023-02-14 13:55:14.730 [info] ExtensionService#_doActivateExtension vscode.npm, startup: false, activationEvent: 'onStartupFinished', root cause: esbenp.prettier-vscode
2023-02-14 13:55:14.730 [info] ExtensionService#_doActivateExtension ms-vscode-remote.remote-containers, startup: false, activationEvent: 'onStartupFinished'
2023-02-14 13:55:14.731 [info] ExtensionService#_doActivateExtension rangav.vscode-thunder-client, startup: false, activationEvent: 'onStartupFinished'
2023-02-14 13:55:18.287 [info] ExtensionService#_doActivateExtension esbenp.prettier-vscode, startup: false, activationEvent: 'onStartupFinished'
2023-02-14 13:57:14.153 [info] ExtensionService#_doActivateExtension vscode.typescript-language-features, startup: false, activationEvent: 'onLanguage:javascript'
2023-02-14 13:57:34.430 [info] ExtensionService#_doActivateExtension vscode.css-language-features, startup: false, activationEvent: 'onLanguage:css'
2023-02-14 13:59:21.646 [info] ExtensionService#_doActivateExtension vscode.configuration-editing, startup: false, activationEvent: 'onLanguage:json'
2023-02-14 13:59:21.709 [info] ExtensionService#_doActivateExtension vscode.extension-editing, startup: false, activationEvent: 'onLanguage:json'
2023-02-14 13:59:21.709 [info] ExtensionService#_doActivateExtension vscode.json-language-features, startup: false, activationEvent: 'onLanguage:json'
2023-02-14 13:59:21.710 [info] ExtensionService#_doActivateExtension ms-python.python, startup: false, activationEvent: 'onLanguage:json'
2023-02-14 14:00:00.550 [info] ExtensionService#_doActivateExtension vscode.markdown-language-features, startup: false, activationEvent: 'onLanguage:markdown'
2023-02-14 14:00:00.550 [info] ExtensionService#_doActivateExtension humao.rest-client, startup: false, activationEvent: 'onLanguage:markdown'
2023-02-14 14:00:01.824 [info] ExtensionService#_doActivateExtension vscode.markdown-math, startup: false, activationEvent: 'api', root cause: vscode.markdown-language-features
2023-02-14 14:00:52.333 [info] ExtensionService#_doActivateExtension vscode.debug-server-ready, startup: false, activationEvent: 'onDebugResolve'
2023-02-14 14:02:38.818 [info] ExtensionService#_doActivateExtension bradlc.vscode-tailwindcss, startup: false, activationEvent: 'onStartupFinished'
2023-02-14 14:04:43.526 [error] [bradlc.vscode-tailwindcss] provider FAILED
2023-02-14 14:04:43.531 [error] TypeError: Cannot read properties of null (reading 'data')
    at Object.<anonymous> (/home/anton/.vscode/extensions/bradlc.vscode-tailwindcss-0.9.7/dist/extension.js:43:10658)
    at Generator.next (<anonymous>)
    at s (/home/anton/.vscode/extensions/bradlc.vscode-tailwindcss-0.9.7/dist/extension.js:1:1247)
2023-02-14 22:02:52.089 [error] [bradlc.vscode-tailwindcss] provider FAILED
2023-02-14 22:02:52.113 [error] TypeError: Cannot read properties of null (reading 'data')
    at Object.<anonymous> (/home/anton/.vscode/extensions/bradlc.vscode-tailwindcss-0.9.7/dist/extension.js:43:10658)
    at Generator.next (<anonymous>)
    at s (/home/anton/.vscode/extensions/bradlc.vscode-tailwindcss-0.9.7/dist/extension.js:1:1247)
2023-02-14 22:05:37.165 [error] [bradlc.vscode-tailwindcss] provider FAILED
2023-02-14 22:05:37.166 [error] TypeError: Cannot read properties of null (reading 'data')
    at Object.<anonymous> (/home/anton/.vscode/extensions/bradlc.vscode-tailwindcss-0.9.7/dist/extension.js:43:10658)
    at Generator.next (<anonymous>)
    at s (/home/anton/.vscode/extensions/bradlc.vscode-tailwindcss-0.9.7/dist/extension.js:1:1247)
2023-02-14 22:06:28.642 [error] [bradlc.vscode-tailwindcss] provider FAILED
2023-02-14 22:06:28.742 [error] TypeError: Cannot read properties of null (reading 'data')
    at Object.<anonymous> (/home/anton/.vscode/extensions/bradlc.vscode-tailwindcss-0.9.7/dist/extension.js:43:10658)
    at Generator.next (<anonymous>)
    at s (/home/anton/.vscode/extensions/bradlc.vscode-tailwindcss-0.9.7/dist/extension.js:1:1247)
2023-02-14 22:07:16.288 [error] [bradlc.vscode-tailwindcss] provider FAILED
2023-02-14 22:07:16.288 [error] TypeError: Cannot read properties of null (reading 'data')
    at Object.<anonymous> (/home/anton/.vscode/extensions/bradlc.vscode-tailwindcss-0.9.7/dist/extension.js:43:10658)
    at Generator.next (<anonymous>)
    at s (/home/anton/.vscode/extensions/bradlc.vscode-tailwindcss-0.9.7/dist/extension.js:1:1247)
2023-02-15 01:43:08.619 [info] Extension host terminating: received terminate message from renderer
2023-02-15 01:43:08.956 [info] Extension host with pid 40620 exiting with code 0
