2023-02-14 12:33:21.988 [info] Added views:workbench.panel.markers.view in workbench.panel.markers
2023-02-14 12:33:21.988 [info] Added views:workbench.panel.output in workbench.panel.output
2023-02-14 12:33:21.988 [info] Added views:terminal in terminal
2023-02-14 12:33:21.988 [info] Added views:outline in workbench.view.explorer
2023-02-14 12:33:21.988 [info] Added views:workbench.scm in workbench.view.scm
2023-02-14 12:33:21.988 [info] Added views:workbench.view.search in workbench.view.search
2023-02-14 12:33:21.988 [info] Added views:timeline in workbench.view.explorer
2023-02-14 12:33:21.988 [info] Added views:workbench.explorer.fileView in workbench.view.explorer
2023-02-14 12:33:23.125 [info] Added views:workbench.debug.welcome in workbench.view.debug
2023-02-14 12:33:24.081 [info] Added views:dockerContainers,dockerImages,dockerRegistries,dockerNetworks,dockerVolumes,vscode-docker.views.dockerContexts,vscode-docker.views.help in workbench.view.extension.dockerView
2023-02-14 12:33:24.081 [info] Added views:cell-tag in workbench.view.extension.jupyter
2023-02-14 12:33:24.082 [info] Added views:targetsContainers,devVolumes in workbench.view.remote
2023-02-14 12:33:24.083 [info] Added views:thunder-client-sidebar in workbench.view.extension.thunder-client
2023-02-14 12:33:29.725 [info] Added views:workbench.panel.repl.view in workbench.panel.repl
2023-02-14 13:30:16.241 [info] Added views:workbench.view.testing in workbench.view.extension.test
2023-02-14 13:55:01.053 [info] Removed views:workbench.view.testing from workbench.view.extension.test
2023-02-14 13:55:05.340 [info] Added views:workbench.panel.markers.view in workbench.panel.markers
2023-02-14 13:55:05.340 [info] Added views:workbench.panel.output in workbench.panel.output
2023-02-14 13:55:05.340 [info] Added views:terminal in terminal
2023-02-14 13:55:05.340 [info] Added views:outline in workbench.view.explorer
2023-02-14 13:55:05.340 [info] Added views:workbench.scm in workbench.view.scm
2023-02-14 13:55:05.340 [info] Added views:workbench.view.search in workbench.view.search
2023-02-14 13:55:05.340 [info] Added views:timeline in workbench.view.explorer
2023-02-14 13:55:05.340 [info] Added views:workbench.explorer.fileView in workbench.view.explorer
2023-02-14 13:55:05.340 [info] Added views:workbench.debug.variablesView,workbench.debug.watchExpressionsView,workbench.debug.callStackView,workbench.debug.breakPointsView in workbench.view.debug
2023-02-14 13:55:06.528 [info] Added views:dockerContainers,dockerImages,dockerRegistries,dockerNetworks,dockerVolumes,vscode-docker.views.dockerContexts,vscode-docker.views.help in workbench.view.extension.dockerView
2023-02-14 13:55:06.530 [info] Added views:cell-tag in workbench.view.extension.jupyter
2023-02-14 13:55:06.531 [info] Added views:targetsContainers,devVolumes in workbench.view.remote
2023-02-14 13:55:06.531 [info] Added views:thunder-client-sidebar in workbench.view.extension.thunder-client
2023-02-14 13:55:11.425 [info] Added views:workbench.panel.repl.view in workbench.panel.repl
2023-02-14 13:55:11.426 [info] Removed views:workbench.debug.breakPointsView,workbench.debug.callStackView,workbench.debug.watchExpressionsView,workbench.debug.variablesView from workbench.view.debug
2023-02-14 13:55:11.427 [info] Added views:workbench.debug.welcome in workbench.view.debug
2023-02-14 13:59:22.491 [info] Added views:workbench.view.testing in workbench.view.extension.test
2023-02-14 14:02:27.492 [info] Added views:workbench.views.extensions.installed,workbench.views.extensions.popular,extensions.recommendedList in workbench.view.extensions
2023-02-14 14:02:27.495 [info] Removed views:workbench.views.extensions.popular from workbench.view.extensions
2023-02-14 14:02:30.390 [info] Removed views:extensions.recommendedList,workbench.views.extensions.installed from workbench.view.extensions
2023-02-14 14:02:30.478 [info] Added views:workbench.views.extensions.marketplace in workbench.view.extensions
2023-02-15 01:43:08.686 [info] Removed views:workbench.view.testing from workbench.view.extension.test
